<?xml version="1.0" encoding="UTF-8"?>
<coverage generated="1741577643980" clover="3.2.0">
  <project timestamp="1741577643980" name="All files">
    <metrics statements="137" coveredstatements="75" conditionals="38" coveredconditionals="9" methods="17" coveredmethods="9" elements="192" coveredelements="93" complexity="0" loc="137" ncloc="137" packages="2" files="2" classes="2"/>
    <package name="controllers">
      <metrics statements="136" coveredstatements="74" conditionals="38" coveredconditionals="9" methods="17" coveredmethods="9"/>
      <file name="productController.js" path="/Users/proglab/Documents/CS4218/Project_Milestone_1/cs4218-2420-ecom-project-team29/controllers/productController.js">
        <metrics statements="136" coveredstatements="74" conditionals="38" coveredconditionals="9" methods="17" coveredmethods="9"/>
        <line num="10" count="1" type="stmt"/>
        <line num="13" count="1" type="stmt"/>
        <line num="20" count="1" type="stmt"/>
        <line num="21" count="0" type="stmt"/>
        <line num="23" count="0" type="stmt"/>
        <line num="24" count="0" type="stmt"/>
        <line num="26" count="0" type="cond" truecount="0" falsecount="8"/>
        <line num="28" count="0" type="stmt"/>
        <line num="30" count="0" type="stmt"/>
        <line num="32" count="0" type="stmt"/>
        <line num="34" count="0" type="stmt"/>
        <line num="36" count="0" type="stmt"/>
        <line num="38" count="0" type="stmt"/>
        <line num="40" count="0" type="stmt"/>
        <line num="42" count="0" type="stmt"/>
        <line num="47" count="0" type="stmt"/>
        <line num="48" count="0" type="cond" truecount="0" falsecount="2"/>
        <line num="49" count="0" type="stmt"/>
        <line num="50" count="0" type="stmt"/>
        <line num="52" count="0" type="stmt"/>
        <line num="53" count="0" type="stmt"/>
        <line num="59" count="0" type="stmt"/>
        <line num="60" count="0" type="stmt"/>
        <line num="69" count="1" type="stmt"/>
        <line num="70" count="4" type="stmt"/>
        <line num="71" count="4" type="stmt"/>
        <line num="77" count="3" type="cond" truecount="2" falsecount="0"/>
        <line num="78" count="1" type="stmt"/>
        <line num="85" count="2" type="stmt"/>
        <line num="92" count="1" type="stmt"/>
        <line num="93" count="1" type="stmt"/>
        <line num="101" count="1" type="stmt"/>
        <line num="102" count="4" type="stmt"/>
        <line num="103" count="4" type="stmt"/>
        <line num="107" count="3" type="stmt"/>
        <line num="113" count="1" type="stmt"/>
        <line num="114" count="1" type="stmt"/>
        <line num="123" count="1" type="stmt"/>
        <line num="124" count="4" type="stmt"/>
        <line num="125" count="4" type="stmt"/>
        <line num="126" count="1" type="cond" truecount="1" falsecount="1"/>
        <line num="127" count="1" type="stmt"/>
        <line num="128" count="1" type="stmt"/>
        <line num="131" count="3" type="stmt"/>
        <line num="132" count="3" type="stmt"/>
        <line num="141" count="1" type="stmt"/>
        <line num="142" count="0" type="stmt"/>
        <line num="143" count="0" type="stmt"/>
        <line num="144" count="0" type="stmt"/>
        <line num="149" count="0" type="stmt"/>
        <line num="150" count="0" type="stmt"/>
        <line num="159" count="1" type="stmt"/>
        <line num="160" count="0" type="stmt"/>
        <line num="162" count="0" type="stmt"/>
        <line num="163" count="0" type="stmt"/>
        <line num="165" count="0" type="cond" truecount="0" falsecount="8"/>
        <line num="167" count="0" type="stmt"/>
        <line num="169" count="0" type="stmt"/>
        <line num="171" count="0" type="stmt"/>
        <line num="173" count="0" type="stmt"/>
        <line num="175" count="0" type="stmt"/>
        <line num="177" count="0" type="stmt"/>
        <line num="179" count="0" type="stmt"/>
        <line num="181" count="0" type="stmt"/>
        <line num="186" count="0" type="stmt"/>
        <line num="191" count="0" type="cond" truecount="0" falsecount="2"/>
        <line num="192" count="0" type="stmt"/>
        <line num="193" count="0" type="stmt"/>
        <line num="195" count="0" type="stmt"/>
        <line num="196" count="0" type="stmt"/>
        <line num="202" count="0" type="stmt"/>
        <line num="203" count="0" type="stmt"/>
        <line num="212" count="1" type="stmt"/>
        <line num="213" count="6" type="stmt"/>
        <line num="214" count="6" type="stmt"/>
        <line num="215" count="6" type="stmt"/>
        <line num="216" count="6" type="cond" truecount="2" falsecount="0"/>
        <line num="217" count="5" type="cond" truecount="2" falsecount="0"/>
        <line num="218" count="5" type="stmt"/>
        <line num="219" count="4" type="stmt"/>
        <line num="224" count="2" type="stmt"/>
        <line num="225" count="2" type="stmt"/>
        <line num="234" count="1" type="stmt"/>
        <line num="235" count="3" type="stmt"/>
        <line num="236" count="3" type="stmt"/>
        <line num="237" count="2" type="stmt"/>
        <line num="242" count="1" type="stmt"/>
        <line num="243" count="1" type="stmt"/>
        <line num="252" count="1" type="stmt"/>
        <line num="253" count="4" type="stmt"/>
        <line num="254" count="4" type="stmt"/>
        <line num="255" count="4" type="cond" truecount="2" falsecount="0"/>
        <line num="256" count="4" type="stmt"/>
        <line num="262" count="2" type="stmt"/>
        <line num="267" count="2" type="stmt"/>
        <line num="268" count="2" type="stmt"/>
        <line num="277" count="1" type="stmt"/>
        <line num="278" count="4" type="stmt"/>
        <line num="279" count="4" type="stmt"/>
        <line num="280" count="4" type="stmt"/>
        <line num="288" count="3" type="stmt"/>
        <line num="290" count="1" type="stmt"/>
        <line num="291" count="1" type="stmt"/>
        <line num="300" count="1" type="stmt"/>
        <line num="301" count="3" type="stmt"/>
        <line num="302" count="3" type="stmt"/>
        <line num="303" count="3" type="stmt"/>
        <line num="311" count="2" type="stmt"/>
        <line num="316" count="1" type="stmt"/>
        <line num="317" count="1" type="stmt"/>
        <line num="326" count="1" type="stmt"/>
        <line num="327" count="2" type="stmt"/>
        <line num="328" count="2" type="stmt"/>
        <line num="329" count="1" type="stmt"/>
        <line num="330" count="1" type="stmt"/>
        <line num="336" count="1" type="stmt"/>
        <line num="337" count="1" type="stmt"/>
        <line num="347" count="1" type="stmt"/>
        <line num="348" count="0" type="stmt"/>
        <line num="349" count="0" type="stmt"/>
        <line num="350" count="0" type="cond" truecount="0" falsecount="2"/>
        <line num="351" count="0" type="stmt"/>
        <line num="353" count="0" type="stmt"/>
        <line num="357" count="0" type="stmt"/>
        <line num="362" count="1" type="stmt"/>
        <line num="363" count="0" type="stmt"/>
        <line num="364" count="0" type="stmt"/>
        <line num="365" count="0" type="stmt"/>
        <line num="366" count="0" type="stmt"/>
        <line num="367" count="0" type="stmt"/>
        <line num="369" count="0" type="stmt"/>
        <line num="378" count="0" type="cond" truecount="0" falsecount="2"/>
        <line num="379" count="0" type="stmt"/>
        <line num="384" count="0" type="stmt"/>
        <line num="386" count="0" type="stmt"/>
        <line num="391" count="0" type="stmt"/>
      </file>
    </package>
    <package name="models">
      <metrics statements="1" coveredstatements="1" conditionals="0" coveredconditionals="0" methods="0" coveredmethods="0"/>
      <file name="productModel.js" path="/Users/proglab/Documents/CS4218/Project_Milestone_1/cs4218-2420-ecom-project-team29/models/productModel.js">
        <metrics statements="1" coveredstatements="1" conditionals="0" coveredconditionals="0" methods="0" coveredmethods="0"/>
        <line num="3" count="1" type="stmt"/>
      </file>
    </package>
  </project>
</coverage>
