{"/Users/proglab/Documents/CS4218/Project_Milestone_1/cs4218-2420-ecom-project-team29/config/db.js": {"path":"/Users/proglab/Documents/CS4218/Project_Milestone_1/cs4218-2420-ecom-project-team29/config/db.js","statementMap":{"0":{"start":{"line":3,"column":18},"end":{"line":10,"column":1}},"1":{"start":{"line":4,"column":4},"end":{"line":9,"column":5}},"2":{"start":{"line":5,"column":21},"end":{"line":5,"column":66}},"3":{"start":{"line":6,"column":8},"end":{"line":6,"column":93}},"4":{"start":{"line":8,"column":8},"end":{"line":8,"column":61}}},"fnMap":{"0":{"name":"(anonymous_0)","decl":{"start":{"line":3,"column":18},"end":{"line":3,"column":19}},"loc":{"start":{"line":3,"column":30},"end":{"line":10,"column":1}},"line":3}},"branchMap":{},"s":{"0":1,"1":2,"2":2,"3":1,"4":1},"f":{"0":2},"b":{},"inputSourceMap":null,"_coverageSchema":"1a1c01bbd47fc00a2c39e90264f33305004495a9","hash":"ee5b39413cdcd67b2807204998021dac1b3e3b70"}
,"/Users/proglab/Documents/CS4218/Project_Milestone_1/cs4218-2420-ecom-project-team29/controllers/authController.js": {"path":"/Users/proglab/Documents/CS4218/Project_Milestone_1/cs4218-2420-ecom-project-team29/controllers/authController.js","statementMap":{"0":{"start":{"line":9,"column":34},"end":{"line":75,"column":1}},"1":{"start":{"line":10,"column":2},"end":{"line":74,"column":3}},"2":{"start":{"line":11,"column":62},"end":{"line":11,"column":70}},"3":{"start":{"line":13,"column":4},"end":{"line":15,"column":5}},"4":{"start":{"line":14,"column":6},"end":{"line":14,"column":55}},"5":{"start":{"line":16,"column":4},"end":{"line":18,"column":5}},"6":{"start":{"line":17,"column":6},"end":{"line":17,"column":56}},"7":{"start":{"line":19,"column":4},"end":{"line":21,"column":5}},"8":{"start":{"line":20,"column":6},"end":{"line":20,"column":59}},"9":{"start":{"line":22,"column":4},"end":{"line":24,"column":5}},"10":{"start":{"line":23,"column":6},"end":{"line":23,"column":59}},"11":{"start":{"line":25,"column":4},"end":{"line":27,"column":5}},"12":{"start":{"line":26,"column":6},"end":{"line":26,"column":58}},"13":{"start":{"line":28,"column":4},"end":{"line":30,"column":5}},"14":{"start":{"line":29,"column":6},"end":{"line":29,"column":57}},"15":{"start":{"line":33,"column":4},"end":{"line":35,"column":5}},"16":{"start":{"line":34,"column":6},"end":{"line":34,"column":52}},"17":{"start":{"line":37,"column":4},"end":{"line":39,"column":5}},"18":{"start":{"line":38,"column":6},"end":{"line":38,"column":59}},"19":{"start":{"line":42,"column":26},"end":{"line":42,"column":60}},"20":{"start":{"line":44,"column":4},"end":{"line":49,"column":5}},"21":{"start":{"line":45,"column":6},"end":{"line":48,"column":9}},"22":{"start":{"line":51,"column":27},"end":{"line":51,"column":55}},"23":{"start":{"line":53,"column":17},"end":{"line":60,"column":13}},"24":{"start":{"line":62,"column":4},"end":{"line":66,"column":7}},"25":{"start":{"line":68,"column":4},"end":{"line":68,"column":23}},"26":{"start":{"line":69,"column":4},"end":{"line":73,"column":7}},"27":{"start":{"line":78,"column":31},"end":{"line":128,"column":1}},"28":{"start":{"line":79,"column":2},"end":{"line":127,"column":3}},"29":{"start":{"line":80,"column":32},"end":{"line":80,"column":40}},"30":{"start":{"line":82,"column":4},"end":{"line":87,"column":5}},"31":{"start":{"line":83,"column":6},"end":{"line":86,"column":9}},"32":{"start":{"line":89,"column":17},"end":{"line":89,"column":51}},"33":{"start":{"line":90,"column":4},"end":{"line":95,"column":5}},"34":{"start":{"line":91,"column":6},"end":{"line":94,"column":9}},"35":{"start":{"line":96,"column":18},"end":{"line":96,"column":64}},"36":{"start":{"line":97,"column":4},"end":{"line":102,"column":5}},"37":{"start":{"line":98,"column":6},"end":{"line":101,"column":9}},"38":{"start":{"line":104,"column":18},"end":{"line":106,"column":6}},"39":{"start":{"line":107,"column":4},"end":{"line":119,"column":7}},"40":{"start":{"line":121,"column":4},"end":{"line":121,"column":23}},"41":{"start":{"line":122,"column":4},"end":{"line":126,"column":7}},"42":{"start":{"line":132,"column":40},"end":{"line":167,"column":1}},"43":{"start":{"line":133,"column":2},"end":{"line":166,"column":3}},"44":{"start":{"line":134,"column":43},"end":{"line":134,"column":51}},"45":{"start":{"line":135,"column":4},"end":{"line":137,"column":5}},"46":{"start":{"line":136,"column":6},"end":{"line":136,"column":61}},"47":{"start":{"line":138,"column":4},"end":{"line":140,"column":5}},"48":{"start":{"line":139,"column":6},"end":{"line":139,"column":62}},"49":{"start":{"line":141,"column":4},"end":{"line":143,"column":5}},"50":{"start":{"line":142,"column":6},"end":{"line":142,"column":68}},"51":{"start":{"line":145,"column":17},"end":{"line":145,"column":59}},"52":{"start":{"line":147,"column":4},"end":{"line":152,"column":5}},"53":{"start":{"line":148,"column":6},"end":{"line":151,"column":9}},"54":{"start":{"line":153,"column":19},"end":{"line":153,"column":50}},"55":{"start":{"line":154,"column":4},"end":{"line":154,"column":70}},"56":{"start":{"line":155,"column":4},"end":{"line":158,"column":7}},"57":{"start":{"line":160,"column":4},"end":{"line":160,"column":23}},"58":{"start":{"line":161,"column":4},"end":{"line":165,"column":7}},"59":{"start":{"line":170,"column":30},"end":{"line":177,"column":1}},"60":{"start":{"line":171,"column":2},"end":{"line":176,"column":3}},"61":{"start":{"line":172,"column":4},"end":{"line":172,"column":33}},"62":{"start":{"line":174,"column":4},"end":{"line":174,"column":23}},"63":{"start":{"line":175,"column":4},"end":{"line":175,"column":24}},"64":{"start":{"line":180,"column":39},"end":{"line":231,"column":1}},"65":{"start":{"line":181,"column":2},"end":{"line":230,"column":3}},"66":{"start":{"line":182,"column":54},"end":{"line":182,"column":62}},"67":{"start":{"line":183,"column":17},"end":{"line":183,"column":55}},"68":{"start":{"line":185,"column":4},"end":{"line":191,"column":5}},"69":{"start":{"line":186,"column":6},"end":{"line":190,"column":9}},"70":{"start":{"line":192,"column":4},"end":{"line":194,"column":5}},"71":{"start":{"line":193,"column":6},"end":{"line":193,"column":81}},"72":{"start":{"line":196,"column":4},"end":{"line":198,"column":5}},"73":{"start":{"line":197,"column":6},"end":{"line":197,"column":77}},"74":{"start":{"line":200,"column":27},"end":{"line":200,"column":78}},"75":{"start":{"line":201,"column":24},"end":{"line":210,"column":5}},"76":{"start":{"line":211,"column":4},"end":{"line":217,"column":5}},"77":{"start":{"line":212,"column":6},"end":{"line":216,"column":9}},"78":{"start":{"line":218,"column":4},"end":{"line":222,"column":7}},"79":{"start":{"line":224,"column":4},"end":{"line":224,"column":23}},"80":{"start":{"line":225,"column":4},"end":{"line":229,"column":7}},"81":{"start":{"line":234,"column":35},"end":{"line":257,"column":1}},"82":{"start":{"line":235,"column":2},"end":{"line":256,"column":3}},"83":{"start":{"line":236,"column":4},"end":{"line":243,"column":5}},"84":{"start":{"line":237,"column":6},"end":{"line":241,"column":9}},"85":{"start":{"line":242,"column":6},"end":{"line":242,"column":13}},"86":{"start":{"line":244,"column":19},"end":{"line":247,"column":32}},"87":{"start":{"line":248,"column":4},"end":{"line":248,"column":21}},"88":{"start":{"line":250,"column":4},"end":{"line":250,"column":23}},"89":{"start":{"line":251,"column":4},"end":{"line":255,"column":7}},"90":{"start":{"line":259,"column":38},"end":{"line":275,"column":1}},"91":{"start":{"line":260,"column":2},"end":{"line":274,"column":3}},"92":{"start":{"line":261,"column":19},"end":{"line":265,"column":30}},"93":{"start":{"line":266,"column":4},"end":{"line":266,"column":21}},"94":{"start":{"line":268,"column":4},"end":{"line":268,"column":23}},"95":{"start":{"line":269,"column":4},"end":{"line":273,"column":7}},"96":{"start":{"line":278,"column":37},"end":{"line":331,"column":1}},"97":{"start":{"line":279,"column":2},"end":{"line":330,"column":3}},"98":{"start":{"line":280,"column":24},"end":{"line":280,"column":34}},"99":{"start":{"line":281,"column":23},"end":{"line":281,"column":31}},"100":{"start":{"line":282,"column":24},"end":{"line":288,"column":5}},"101":{"start":{"line":289,"column":4},"end":{"line":295,"column":5}},"102":{"start":{"line":290,"column":6},"end":{"line":294,"column":9}},"103":{"start":{"line":296,"column":4},"end":{"line":302,"column":5}},"104":{"start":{"line":297,"column":6},"end":{"line":301,"column":9}},"105":{"start":{"line":303,"column":4},"end":{"line":309,"column":5}},"106":{"start":{"line":304,"column":6},"end":{"line":308,"column":9}},"107":{"start":{"line":310,"column":19},"end":{"line":314,"column":5}},"108":{"start":{"line":315,"column":4},"end":{"line":321,"column":5}},"109":{"start":{"line":316,"column":6},"end":{"line":320,"column":9}},"110":{"start":{"line":322,"column":4},"end":{"line":322,"column":21}},"111":{"start":{"line":324,"column":4},"end":{"line":324,"column":23}},"112":{"start":{"line":325,"column":4},"end":{"line":329,"column":7}},"113":{"start":{"line":334,"column":37},"end":{"line":354,"column":1}},"114":{"start":{"line":335,"column":2},"end":{"line":353,"column":3}},"115":{"start":{"line":336,"column":18},"end":{"line":339,"column":32}},"116":{"start":{"line":340,"column":4},"end":{"line":345,"column":7}},"117":{"start":{"line":347,"column":4},"end":{"line":347,"column":23}},"118":{"start":{"line":348,"column":4},"end":{"line":352,"column":7}}},"fnMap":{"0":{"name":"(anonymous_0)","decl":{"start":{"line":9,"column":34},"end":{"line":9,"column":35}},"loc":{"start":{"line":9,"column":54},"end":{"line":75,"column":1}},"line":9},"1":{"name":"(anonymous_1)","decl":{"start":{"line":78,"column":31},"end":{"line":78,"column":32}},"loc":{"start":{"line":78,"column":51},"end":{"line":128,"column":1}},"line":78},"2":{"name":"(anonymous_2)","decl":{"start":{"line":132,"column":40},"end":{"line":132,"column":41}},"loc":{"start":{"line":132,"column":60},"end":{"line":167,"column":1}},"line":132},"3":{"name":"(anonymous_3)","decl":{"start":{"line":170,"column":30},"end":{"line":170,"column":31}},"loc":{"start":{"line":170,"column":44},"end":{"line":177,"column":1}},"line":170},"4":{"name":"(anonymous_4)","decl":{"start":{"line":180,"column":39},"end":{"line":180,"column":40}},"loc":{"start":{"line":180,"column":59},"end":{"line":231,"column":1}},"line":180},"5":{"name":"(anonymous_5)","decl":{"start":{"line":234,"column":35},"end":{"line":234,"column":36}},"loc":{"start":{"line":234,"column":55},"end":{"line":257,"column":1}},"line":234},"6":{"name":"(anonymous_6)","decl":{"start":{"line":259,"column":38},"end":{"line":259,"column":39}},"loc":{"start":{"line":259,"column":58},"end":{"line":275,"column":1}},"line":259},"7":{"name":"(anonymous_7)","decl":{"start":{"line":278,"column":37},"end":{"line":278,"column":38}},"loc":{"start":{"line":278,"column":57},"end":{"line":331,"column":1}},"line":278},"8":{"name":"(anonymous_8)","decl":{"start":{"line":334,"column":37},"end":{"line":334,"column":38}},"loc":{"start":{"line":334,"column":57},"end":{"line":354,"column":1}},"line":334}},"branchMap":{"0":{"loc":{"start":{"line":13,"column":4},"end":{"line":15,"column":5}},"type":"if","locations":[{"start":{"line":13,"column":4},"end":{"line":15,"column":5}},{"start":{},"end":{}}],"line":13},"1":{"loc":{"start":{"line":16,"column":4},"end":{"line":18,"column":5}},"type":"if","locations":[{"start":{"line":16,"column":4},"end":{"line":18,"column":5}},{"start":{},"end":{}}],"line":16},"2":{"loc":{"start":{"line":19,"column":4},"end":{"line":21,"column":5}},"type":"if","locations":[{"start":{"line":19,"column":4},"end":{"line":21,"column":5}},{"start":{},"end":{}}],"line":19},"3":{"loc":{"start":{"line":22,"column":4},"end":{"line":24,"column":5}},"type":"if","locations":[{"start":{"line":22,"column":4},"end":{"line":24,"column":5}},{"start":{},"end":{}}],"line":22},"4":{"loc":{"start":{"line":25,"column":4},"end":{"line":27,"column":5}},"type":"if","locations":[{"start":{"line":25,"column":4},"end":{"line":27,"column":5}},{"start":{},"end":{}}],"line":25},"5":{"loc":{"start":{"line":28,"column":4},"end":{"line":30,"column":5}},"type":"if","locations":[{"start":{"line":28,"column":4},"end":{"line":30,"column":5}},{"start":{},"end":{}}],"line":28},"6":{"loc":{"start":{"line":33,"column":4},"end":{"line":35,"column":5}},"type":"if","locations":[{"start":{"line":33,"column":4},"end":{"line":35,"column":5}},{"start":{},"end":{}}],"line":33},"7":{"loc":{"start":{"line":37,"column":4},"end":{"line":39,"column":5}},"type":"if","locations":[{"start":{"line":37,"column":4},"end":{"line":39,"column":5}},{"start":{},"end":{}}],"line":37},"8":{"loc":{"start":{"line":44,"column":4},"end":{"line":49,"column":5}},"type":"if","locations":[{"start":{"line":44,"column":4},"end":{"line":49,"column":5}},{"start":{},"end":{}}],"line":44},"9":{"loc":{"start":{"line":82,"column":4},"end":{"line":87,"column":5}},"type":"if","locations":[{"start":{"line":82,"column":4},"end":{"line":87,"column":5}},{"start":{},"end":{}}],"line":82},"10":{"loc":{"start":{"line":82,"column":8},"end":{"line":82,"column":27}},"type":"binary-expr","locations":[{"start":{"line":82,"column":8},"end":{"line":82,"column":14}},{"start":{"line":82,"column":18},"end":{"line":82,"column":27}}],"line":82},"11":{"loc":{"start":{"line":90,"column":4},"end":{"line":95,"column":5}},"type":"if","locations":[{"start":{"line":90,"column":4},"end":{"line":95,"column":5}},{"start":{},"end":{}}],"line":90},"12":{"loc":{"start":{"line":97,"column":4},"end":{"line":102,"column":5}},"type":"if","locations":[{"start":{"line":97,"column":4},"end":{"line":102,"column":5}},{"start":{},"end":{}}],"line":97},"13":{"loc":{"start":{"line":135,"column":4},"end":{"line":137,"column":5}},"type":"if","locations":[{"start":{"line":135,"column":4},"end":{"line":137,"column":5}},{"start":{},"end":{}}],"line":135},"14":{"loc":{"start":{"line":138,"column":4},"end":{"line":140,"column":5}},"type":"if","locations":[{"start":{"line":138,"column":4},"end":{"line":140,"column":5}},{"start":{},"end":{}}],"line":138},"15":{"loc":{"start":{"line":141,"column":4},"end":{"line":143,"column":5}},"type":"if","locations":[{"start":{"line":141,"column":4},"end":{"line":143,"column":5}},{"start":{},"end":{}}],"line":141},"16":{"loc":{"start":{"line":147,"column":4},"end":{"line":152,"column":5}},"type":"if","locations":[{"start":{"line":147,"column":4},"end":{"line":152,"column":5}},{"start":{},"end":{}}],"line":147},"17":{"loc":{"start":{"line":185,"column":4},"end":{"line":191,"column":5}},"type":"if","locations":[{"start":{"line":185,"column":4},"end":{"line":191,"column":5}},{"start":{},"end":{}}],"line":185},"18":{"loc":{"start":{"line":192,"column":4},"end":{"line":194,"column":5}},"type":"if","locations":[{"start":{"line":192,"column":4},"end":{"line":194,"column":5}},{"start":{},"end":{}}],"line":192},"19":{"loc":{"start":{"line":192,"column":8},"end":{"line":192,"column":39}},"type":"binary-expr","locations":[{"start":{"line":192,"column":8},"end":{"line":192,"column":16}},{"start":{"line":192,"column":20},"end":{"line":192,"column":39}}],"line":192},"20":{"loc":{"start":{"line":196,"column":4},"end":{"line":198,"column":5}},"type":"if","locations":[{"start":{"line":196,"column":4},"end":{"line":198,"column":5}},{"start":{},"end":{}}],"line":196},"21":{"loc":{"start":{"line":196,"column":8},"end":{"line":196,"column":37}},"type":"binary-expr","locations":[{"start":{"line":196,"column":8},"end":{"line":196,"column":13}},{"start":{"line":196,"column":17},"end":{"line":196,"column":37}}],"line":196},"22":{"loc":{"start":{"line":200,"column":27},"end":{"line":200,"column":78}},"type":"cond-expr","locations":[{"start":{"line":200,"column":38},"end":{"line":200,"column":66}},{"start":{"line":200,"column":69},"end":{"line":200,"column":78}}],"line":200},"23":{"loc":{"start":{"line":204,"column":14},"end":{"line":204,"column":31}},"type":"binary-expr","locations":[{"start":{"line":204,"column":14},"end":{"line":204,"column":18}},{"start":{"line":204,"column":22},"end":{"line":204,"column":31}}],"line":204},"24":{"loc":{"start":{"line":205,"column":18},"end":{"line":205,"column":49}},"type":"binary-expr","locations":[{"start":{"line":205,"column":18},"end":{"line":205,"column":32}},{"start":{"line":205,"column":36},"end":{"line":205,"column":49}}],"line":205},"25":{"loc":{"start":{"line":206,"column":15},"end":{"line":206,"column":34}},"type":"binary-expr","locations":[{"start":{"line":206,"column":15},"end":{"line":206,"column":20}},{"start":{"line":206,"column":24},"end":{"line":206,"column":34}}],"line":206},"26":{"loc":{"start":{"line":207,"column":17},"end":{"line":207,"column":40}},"type":"binary-expr","locations":[{"start":{"line":207,"column":17},"end":{"line":207,"column":24}},{"start":{"line":207,"column":28},"end":{"line":207,"column":40}}],"line":207},"27":{"loc":{"start":{"line":211,"column":4},"end":{"line":217,"column":5}},"type":"if","locations":[{"start":{"line":211,"column":4},"end":{"line":217,"column":5}},{"start":{},"end":{}}],"line":211},"28":{"loc":{"start":{"line":236,"column":4},"end":{"line":243,"column":5}},"type":"if","locations":[{"start":{"line":236,"column":4},"end":{"line":243,"column":5}},{"start":{},"end":{}}],"line":236},"29":{"loc":{"start":{"line":236,"column":8},"end":{"line":236,"column":34}},"type":"binary-expr","locations":[{"start":{"line":236,"column":8},"end":{"line":236,"column":17}},{"start":{"line":236,"column":21},"end":{"line":236,"column":34}}],"line":236},"30":{"loc":{"start":{"line":289,"column":4},"end":{"line":295,"column":5}},"type":"if","locations":[{"start":{"line":289,"column":4},"end":{"line":295,"column":5}},{"start":{},"end":{}}],"line":289},"31":{"loc":{"start":{"line":296,"column":4},"end":{"line":302,"column":5}},"type":"if","locations":[{"start":{"line":296,"column":4},"end":{"line":302,"column":5}},{"start":{},"end":{}}],"line":296},"32":{"loc":{"start":{"line":303,"column":4},"end":{"line":309,"column":5}},"type":"if","locations":[{"start":{"line":303,"column":4},"end":{"line":309,"column":5}},{"start":{},"end":{}}],"line":303},"33":{"loc":{"start":{"line":315,"column":4},"end":{"line":321,"column":5}},"type":"if","locations":[{"start":{"line":315,"column":4},"end":{"line":321,"column":5}},{"start":{},"end":{}}],"line":315}},"s":{"0":1,"1":18,"2":18,"3":18,"4":8,"5":10,"6":1,"7":9,"8":1,"9":8,"10":1,"11":7,"12":1,"13":6,"14":1,"15":5,"16":1,"17":4,"18":1,"19":3,"20":2,"21":1,"22":1,"23":1,"24":1,"25":1,"26":1,"27":1,"28":7,"29":7,"30":7,"31":3,"32":4,"33":3,"34":1,"35":2,"36":2,"37":1,"38":1,"39":1,"40":1,"41":1,"42":1,"43":6,"44":6,"45":6,"46":1,"47":6,"48":1,"49":6,"50":1,"51":6,"52":2,"53":1,"54":1,"55":1,"56":1,"57":4,"58":4,"59":1,"60":2,"61":2,"62":1,"63":1,"64":1,"65":0,"66":0,"67":0,"68":0,"69":0,"70":0,"71":0,"72":0,"73":0,"74":0,"75":0,"76":0,"77":0,"78":0,"79":0,"80":0,"81":1,"82":5,"83":5,"84":2,"85":2,"86":3,"87":2,"88":1,"89":1,"90":1,"91":3,"92":3,"93":2,"94":1,"95":1,"96":1,"97":6,"98":6,"99":6,"100":6,"101":6,"102":1,"103":6,"104":1,"105":6,"106":2,"107":6,"108":4,"109":1,"110":4,"111":2,"112":2,"113":1,"114":0,"115":0,"116":0,"117":0,"118":0},"f":{"0":18,"1":7,"2":6,"3":2,"4":0,"5":5,"6":3,"7":6,"8":0},"b":{"0":[8,10],"1":[1,9],"2":[1,8],"3":[1,7],"4":[1,6],"5":[1,5],"6":[1,4],"7":[1,3],"8":[1,1],"9":[3,4],"10":[7,5],"11":[1,2],"12":[1,1],"13":[1,5],"14":[1,5],"15":[1,5],"16":[1,1],"17":[0,0],"18":[0,0],"19":[0,0],"20":[0,0],"21":[0,0],"22":[0,0],"23":[0,0],"24":[0,0],"25":[0,0],"26":[0,0],"27":[0,0],"28":[2,3],"29":[5,4],"30":[1,5],"31":[1,5],"32":[2,4],"33":[1,3]},"inputSourceMap":null,"_coverageSchema":"1a1c01bbd47fc00a2c39e90264f33305004495a9","hash":"e869a990ffef7175fa12a07233f2bf0992a2ae9e"}
,"/Users/proglab/Documents/CS4218/Project_Milestone_1/cs4218-2420-ecom-project-team29/controllers/categoryController.js": {"path":"/Users/proglab/Documents/CS4218/Project_Milestone_1/cs4218-2420-ecom-project-team29/controllers/categoryController.js","statementMap":{"0":{"start":{"line":3,"column":40},"end":{"line":33,"column":1}},"1":{"start":{"line":4,"column":2},"end":{"line":32,"column":3}},"2":{"start":{"line":5,"column":21},"end":{"line":5,"column":29}},"3":{"start":{"line":6,"column":4},"end":{"line":8,"column":5}},"4":{"start":{"line":7,"column":6},"end":{"line":7,"column":67}},"5":{"start":{"line":9,"column":29},"end":{"line":9,"column":66}},"6":{"start":{"line":10,"column":4},"end":{"line":15,"column":5}},"7":{"start":{"line":11,"column":6},"end":{"line":14,"column":9}},"8":{"start":{"line":16,"column":21},"end":{"line":19,"column":13}},"9":{"start":{"line":20,"column":4},"end":{"line":24,"column":7}},"10":{"start":{"line":26,"column":4},"end":{"line":26,"column":23}},"11":{"start":{"line":27,"column":4},"end":{"line":31,"column":7}},"12":{"start":{"line":36,"column":40},"end":{"line":58,"column":1}},"13":{"start":{"line":37,"column":2},"end":{"line":57,"column":3}},"14":{"start":{"line":38,"column":21},"end":{"line":38,"column":29}},"15":{"start":{"line":39,"column":19},"end":{"line":39,"column":29}},"16":{"start":{"line":40,"column":21},"end":{"line":44,"column":5}},"17":{"start":{"line":45,"column":4},"end":{"line":49,"column":7}},"18":{"start":{"line":51,"column":4},"end":{"line":51,"column":23}},"19":{"start":{"line":52,"column":4},"end":{"line":56,"column":7}},"20":{"start":{"line":61,"column":35},"end":{"line":77,"column":1}},"21":{"start":{"line":62,"column":2},"end":{"line":76,"column":3}},"22":{"start":{"line":63,"column":21},"end":{"line":63,"column":49}},"23":{"start":{"line":64,"column":4},"end":{"line":68,"column":7}},"24":{"start":{"line":70,"column":4},"end":{"line":70,"column":23}},"25":{"start":{"line":71,"column":4},"end":{"line":75,"column":7}},"26":{"start":{"line":80,"column":40},"end":{"line":96,"column":1}},"27":{"start":{"line":81,"column":2},"end":{"line":95,"column":3}},"28":{"start":{"line":82,"column":21},"end":{"line":82,"column":75}},"29":{"start":{"line":83,"column":4},"end":{"line":87,"column":7}},"30":{"start":{"line":89,"column":4},"end":{"line":89,"column":23}},"31":{"start":{"line":90,"column":4},"end":{"line":94,"column":7}},"32":{"start":{"line":99,"column":40},"end":{"line":115,"column":1}},"33":{"start":{"line":100,"column":2},"end":{"line":114,"column":3}},"34":{"start":{"line":101,"column":19},"end":{"line":101,"column":29}},"35":{"start":{"line":102,"column":4},"end":{"line":102,"column":46}},"36":{"start":{"line":103,"column":4},"end":{"line":106,"column":7}},"37":{"start":{"line":108,"column":4},"end":{"line":108,"column":23}},"38":{"start":{"line":109,"column":4},"end":{"line":113,"column":7}}},"fnMap":{"0":{"name":"(anonymous_0)","decl":{"start":{"line":3,"column":40},"end":{"line":3,"column":41}},"loc":{"start":{"line":3,"column":60},"end":{"line":33,"column":1}},"line":3},"1":{"name":"(anonymous_1)","decl":{"start":{"line":36,"column":40},"end":{"line":36,"column":41}},"loc":{"start":{"line":36,"column":60},"end":{"line":58,"column":1}},"line":36},"2":{"name":"(anonymous_2)","decl":{"start":{"line":61,"column":35},"end":{"line":61,"column":36}},"loc":{"start":{"line":61,"column":55},"end":{"line":77,"column":1}},"line":61},"3":{"name":"(anonymous_3)","decl":{"start":{"line":80,"column":40},"end":{"line":80,"column":41}},"loc":{"start":{"line":80,"column":60},"end":{"line":96,"column":1}},"line":80},"4":{"name":"(anonymous_4)","decl":{"start":{"line":99,"column":40},"end":{"line":99,"column":41}},"loc":{"start":{"line":99,"column":60},"end":{"line":115,"column":1}},"line":99}},"branchMap":{"0":{"loc":{"start":{"line":6,"column":4},"end":{"line":8,"column":5}},"type":"if","locations":[{"start":{"line":6,"column":4},"end":{"line":8,"column":5}},{"start":{},"end":{}}],"line":6},"1":{"loc":{"start":{"line":10,"column":4},"end":{"line":15,"column":5}},"type":"if","locations":[{"start":{"line":10,"column":4},"end":{"line":15,"column":5}},{"start":{},"end":{}}],"line":10}},"s":{"0":1,"1":5,"2":5,"3":5,"4":1,"5":4,"6":3,"7":1,"8":2,"9":1,"10":2,"11":2,"12":1,"13":2,"14":2,"15":2,"16":2,"17":1,"18":1,"19":1,"20":1,"21":0,"22":0,"23":0,"24":0,"25":0,"26":1,"27":0,"28":0,"29":0,"30":0,"31":0,"32":1,"33":2,"34":2,"35":2,"36":1,"37":1,"38":1},"f":{"0":5,"1":2,"2":0,"3":0,"4":2},"b":{"0":[1,4],"1":[1,2]},"inputSourceMap":null,"_coverageSchema":"1a1c01bbd47fc00a2c39e90264f33305004495a9","hash":"2eee8c3717bfbecc85c60be179d3cce75a859b61"}
,"/Users/proglab/Documents/CS4218/Project_Milestone_1/cs4218-2420-ecom-project-team29/controllers/productController.js": {"path":"/Users/proglab/Documents/CS4218/Project_Milestone_1/cs4218-2420-ecom-project-team29/controllers/productController.js","statementMap":{"0":{"start":{"line":10,"column":0},"end":{"line":10,"column":16}},"1":{"start":{"line":13,"column":14},"end":{"line":18,"column":2}},"2":{"start":{"line":20,"column":39},"end":{"line":66,"column":1}},"3":{"start":{"line":21,"column":2},"end":{"line":65,"column":3}},"4":{"start":{"line":23,"column":6},"end":{"line":23,"column":16}},"5":{"start":{"line":24,"column":22},"end":{"line":24,"column":31}},"6":{"start":{"line":26,"column":4},"end":{"line":45,"column":5}},"7":{"start":{"line":28,"column":8},"end":{"line":28,"column":67}},"8":{"start":{"line":30,"column":8},"end":{"line":30,"column":74}},"9":{"start":{"line":32,"column":8},"end":{"line":32,"column":68}},"10":{"start":{"line":34,"column":8},"end":{"line":34,"column":81}},"11":{"start":{"line":36,"column":8},"end":{"line":36,"column":71}},"12":{"start":{"line":38,"column":8},"end":{"line":38,"column":71}},"13":{"start":{"line":40,"column":8},"end":{"line":40,"column":84}},"14":{"start":{"line":42,"column":8},"end":{"line":44,"column":76}},"15":{"start":{"line":47,"column":21},"end":{"line":47,"column":77}},"16":{"start":{"line":48,"column":4},"end":{"line":51,"column":5}},"17":{"start":{"line":49,"column":6},"end":{"line":49,"column":56}},"18":{"start":{"line":50,"column":6},"end":{"line":50,"column":46}},"19":{"start":{"line":52,"column":4},"end":{"line":52,"column":26}},"20":{"start":{"line":53,"column":4},"end":{"line":57,"column":7}},"21":{"start":{"line":59,"column":4},"end":{"line":59,"column":23}},"22":{"start":{"line":60,"column":4},"end":{"line":64,"column":7}},"23":{"start":{"line":69,"column":36},"end":{"line":99,"column":1}},"24":{"start":{"line":70,"column":2},"end":{"line":98,"column":3}},"25":{"start":{"line":71,"column":21},"end":{"line":76,"column":30}},"26":{"start":{"line":77,"column":4},"end":{"line":84,"column":5}},"27":{"start":{"line":78,"column":6},"end":{"line":83,"column":9}},"28":{"start":{"line":85,"column":4},"end":{"line":90,"column":7}},"29":{"start":{"line":92,"column":4},"end":{"line":92,"column":23}},"30":{"start":{"line":93,"column":4},"end":{"line":97,"column":7}},"31":{"start":{"line":101,"column":42},"end":{"line":120,"column":1}},"32":{"start":{"line":102,"column":2},"end":{"line":119,"column":3}},"33":{"start":{"line":103,"column":20},"end":{"line":106,"column":27}},"34":{"start":{"line":107,"column":4},"end":{"line":111,"column":7}},"35":{"start":{"line":113,"column":4},"end":{"line":113,"column":23}},"36":{"start":{"line":114,"column":4},"end":{"line":118,"column":7}},"37":{"start":{"line":123,"column":38},"end":{"line":138,"column":1}},"38":{"start":{"line":124,"column":2},"end":{"line":137,"column":3}},"39":{"start":{"line":125,"column":20},"end":{"line":125,"column":79}},"40":{"start":{"line":126,"column":4},"end":{"line":129,"column":5}},"41":{"start":{"line":127,"column":6},"end":{"line":127,"column":57}},"42":{"start":{"line":128,"column":6},"end":{"line":128,"column":54}},"43":{"start":{"line":131,"column":4},"end":{"line":131,"column":23}},"44":{"start":{"line":132,"column":4},"end":{"line":136,"column":7}},"45":{"start":{"line":141,"column":39},"end":{"line":156,"column":1}},"46":{"start":{"line":142,"column":2},"end":{"line":155,"column":3}},"47":{"start":{"line":143,"column":4},"end":{"line":143,"column":74}},"48":{"start":{"line":144,"column":4},"end":{"line":147,"column":7}},"49":{"start":{"line":149,"column":4},"end":{"line":149,"column":23}},"50":{"start":{"line":150,"column":4},"end":{"line":154,"column":7}},"51":{"start":{"line":159,"column":39},"end":{"line":209,"column":1}},"52":{"start":{"line":160,"column":2},"end":{"line":208,"column":3}},"53":{"start":{"line":162,"column":6},"end":{"line":162,"column":16}},"54":{"start":{"line":163,"column":22},"end":{"line":163,"column":31}},"55":{"start":{"line":165,"column":4},"end":{"line":184,"column":5}},"56":{"start":{"line":167,"column":8},"end":{"line":167,"column":67}},"57":{"start":{"line":169,"column":8},"end":{"line":169,"column":74}},"58":{"start":{"line":171,"column":8},"end":{"line":171,"column":68}},"59":{"start":{"line":173,"column":8},"end":{"line":173,"column":81}},"60":{"start":{"line":175,"column":8},"end":{"line":175,"column":71}},"61":{"start":{"line":177,"column":8},"end":{"line":177,"column":71}},"62":{"start":{"line":179,"column":8},"end":{"line":179,"column":84}},"63":{"start":{"line":181,"column":8},"end":{"line":183,"column":76}},"64":{"start":{"line":186,"column":21},"end":{"line":190,"column":5}},"65":{"start":{"line":191,"column":4},"end":{"line":194,"column":5}},"66":{"start":{"line":192,"column":6},"end":{"line":192,"column":56}},"67":{"start":{"line":193,"column":6},"end":{"line":193,"column":46}},"68":{"start":{"line":195,"column":4},"end":{"line":195,"column":26}},"69":{"start":{"line":196,"column":4},"end":{"line":200,"column":7}},"70":{"start":{"line":202,"column":4},"end":{"line":202,"column":23}},"71":{"start":{"line":203,"column":4},"end":{"line":207,"column":7}},"72":{"start":{"line":212,"column":40},"end":{"line":231,"column":1}},"73":{"start":{"line":213,"column":2},"end":{"line":230,"column":3}},"74":{"start":{"line":214,"column":31},"end":{"line":214,"column":39}},"75":{"start":{"line":215,"column":15},"end":{"line":215,"column":17}},"76":{"start":{"line":216,"column":4},"end":{"line":216,"column":52}},"77":{"start":{"line":216,"column":28},"end":{"line":216,"column":52}},"78":{"start":{"line":217,"column":4},"end":{"line":217,"column":70}},"79":{"start":{"line":217,"column":22},"end":{"line":217,"column":70}},"80":{"start":{"line":218,"column":21},"end":{"line":218,"column":50}},"81":{"start":{"line":219,"column":4},"end":{"line":222,"column":7}},"82":{"start":{"line":224,"column":4},"end":{"line":224,"column":23}},"83":{"start":{"line":225,"column":4},"end":{"line":229,"column":7}},"84":{"start":{"line":234,"column":38},"end":{"line":249,"column":1}},"85":{"start":{"line":235,"column":2},"end":{"line":248,"column":3}},"86":{"start":{"line":236,"column":18},"end":{"line":236,"column":70}},"87":{"start":{"line":237,"column":4},"end":{"line":240,"column":7}},"88":{"start":{"line":242,"column":4},"end":{"line":242,"column":23}},"89":{"start":{"line":243,"column":4},"end":{"line":247,"column":7}},"90":{"start":{"line":252,"column":37},"end":{"line":274,"column":1}},"91":{"start":{"line":253,"column":2},"end":{"line":273,"column":3}},"92":{"start":{"line":254,"column":20},"end":{"line":254,"column":21}},"93":{"start":{"line":255,"column":17},"end":{"line":255,"column":54}},"94":{"start":{"line":256,"column":21},"end":{"line":261,"column":30}},"95":{"start":{"line":262,"column":4},"end":{"line":265,"column":7}},"96":{"start":{"line":267,"column":4},"end":{"line":267,"column":23}},"97":{"start":{"line":268,"column":4},"end":{"line":272,"column":7}},"98":{"start":{"line":277,"column":39},"end":{"line":297,"column":1}},"99":{"start":{"line":278,"column":2},"end":{"line":296,"column":3}},"100":{"start":{"line":279,"column":24},"end":{"line":279,"column":34}},"101":{"start":{"line":280,"column":20},"end":{"line":287,"column":23}},"102":{"start":{"line":288,"column":4},"end":{"line":288,"column":22}},"103":{"start":{"line":290,"column":4},"end":{"line":290,"column":23}},"104":{"start":{"line":291,"column":4},"end":{"line":295,"column":7}},"105":{"start":{"line":300,"column":40},"end":{"line":323,"column":1}},"106":{"start":{"line":301,"column":2},"end":{"line":322,"column":3}},"107":{"start":{"line":302,"column":25},"end":{"line":302,"column":35}},"108":{"start":{"line":303,"column":21},"end":{"line":310,"column":27}},"109":{"start":{"line":311,"column":4},"end":{"line":314,"column":7}},"110":{"start":{"line":316,"column":4},"end":{"line":316,"column":23}},"111":{"start":{"line":317,"column":4},"end":{"line":321,"column":7}},"112":{"start":{"line":326,"column":41},"end":{"line":343,"column":1}},"113":{"start":{"line":327,"column":2},"end":{"line":342,"column":3}},"114":{"start":{"line":328,"column":21},"end":{"line":328,"column":75}},"115":{"start":{"line":329,"column":21},"end":{"line":329,"column":79}},"116":{"start":{"line":330,"column":4},"end":{"line":334,"column":7}},"117":{"start":{"line":336,"column":4},"end":{"line":336,"column":23}},"118":{"start":{"line":337,"column":4},"end":{"line":341,"column":7}},"119":{"start":{"line":347,"column":40},"end":{"line":359,"column":1}},"120":{"start":{"line":348,"column":2},"end":{"line":358,"column":3}},"121":{"start":{"line":349,"column":4},"end":{"line":355,"column":7}},"122":{"start":{"line":350,"column":6},"end":{"line":354,"column":7}},"123":{"start":{"line":351,"column":8},"end":{"line":351,"column":34}},"124":{"start":{"line":353,"column":8},"end":{"line":353,"column":27}},"125":{"start":{"line":357,"column":4},"end":{"line":357,"column":23}},"126":{"start":{"line":362,"column":42},"end":{"line":393,"column":1}},"127":{"start":{"line":363,"column":2},"end":{"line":392,"column":3}},"128":{"start":{"line":364,"column":28},"end":{"line":364,"column":36}},"129":{"start":{"line":365,"column":16},"end":{"line":365,"column":17}},"130":{"start":{"line":366,"column":4},"end":{"line":368,"column":7}},"131":{"start":{"line":367,"column":6},"end":{"line":367,"column":23}},"132":{"start":{"line":369,"column":25},"end":{"line":389,"column":5}},"133":{"start":{"line":378,"column":8},"end":{"line":387,"column":9}},"134":{"start":{"line":379,"column":24},"end":{"line":383,"column":19}},"135":{"start":{"line":384,"column":10},"end":{"line":384,"column":33}},"136":{"start":{"line":386,"column":10},"end":{"line":386,"column":38}},"137":{"start":{"line":391,"column":4},"end":{"line":391,"column":23}}},"fnMap":{"0":{"name":"(anonymous_0)","decl":{"start":{"line":20,"column":39},"end":{"line":20,"column":40}},"loc":{"start":{"line":20,"column":59},"end":{"line":66,"column":1}},"line":20},"1":{"name":"(anonymous_1)","decl":{"start":{"line":69,"column":36},"end":{"line":69,"column":37}},"loc":{"start":{"line":69,"column":56},"end":{"line":99,"column":1}},"line":69},"2":{"name":"(anonymous_2)","decl":{"start":{"line":101,"column":42},"end":{"line":101,"column":43}},"loc":{"start":{"line":101,"column":62},"end":{"line":120,"column":1}},"line":101},"3":{"name":"(anonymous_3)","decl":{"start":{"line":123,"column":38},"end":{"line":123,"column":39}},"loc":{"start":{"line":123,"column":58},"end":{"line":138,"column":1}},"line":123},"4":{"name":"(anonymous_4)","decl":{"start":{"line":141,"column":39},"end":{"line":141,"column":40}},"loc":{"start":{"line":141,"column":59},"end":{"line":156,"column":1}},"line":141},"5":{"name":"(anonymous_5)","decl":{"start":{"line":159,"column":39},"end":{"line":159,"column":40}},"loc":{"start":{"line":159,"column":59},"end":{"line":209,"column":1}},"line":159},"6":{"name":"(anonymous_6)","decl":{"start":{"line":212,"column":40},"end":{"line":212,"column":41}},"loc":{"start":{"line":212,"column":60},"end":{"line":231,"column":1}},"line":212},"7":{"name":"(anonymous_7)","decl":{"start":{"line":234,"column":38},"end":{"line":234,"column":39}},"loc":{"start":{"line":234,"column":58},"end":{"line":249,"column":1}},"line":234},"8":{"name":"(anonymous_8)","decl":{"start":{"line":252,"column":37},"end":{"line":252,"column":38}},"loc":{"start":{"line":252,"column":57},"end":{"line":274,"column":1}},"line":252},"9":{"name":"(anonymous_9)","decl":{"start":{"line":277,"column":39},"end":{"line":277,"column":40}},"loc":{"start":{"line":277,"column":59},"end":{"line":297,"column":1}},"line":277},"10":{"name":"(anonymous_10)","decl":{"start":{"line":300,"column":40},"end":{"line":300,"column":41}},"loc":{"start":{"line":300,"column":60},"end":{"line":323,"column":1}},"line":300},"11":{"name":"(anonymous_11)","decl":{"start":{"line":326,"column":41},"end":{"line":326,"column":42}},"loc":{"start":{"line":326,"column":61},"end":{"line":343,"column":1}},"line":326},"12":{"name":"(anonymous_12)","decl":{"start":{"line":347,"column":40},"end":{"line":347,"column":41}},"loc":{"start":{"line":347,"column":60},"end":{"line":359,"column":1}},"line":347},"13":{"name":"(anonymous_13)","decl":{"start":{"line":349,"column":37},"end":{"line":349,"column":38}},"loc":{"start":{"line":349,"column":62},"end":{"line":355,"column":5}},"line":349},"14":{"name":"(anonymous_14)","decl":{"start":{"line":362,"column":42},"end":{"line":362,"column":43}},"loc":{"start":{"line":362,"column":62},"end":{"line":393,"column":1}},"line":362},"15":{"name":"(anonymous_15)","decl":{"start":{"line":366,"column":13},"end":{"line":366,"column":14}},"loc":{"start":{"line":366,"column":20},"end":{"line":368,"column":5}},"line":366},"16":{"name":"(anonymous_16)","decl":{"start":{"line":377,"column":6},"end":{"line":377,"column":7}},"loc":{"start":{"line":377,"column":31},"end":{"line":388,"column":7}},"line":377}},"branchMap":{"0":{"loc":{"start":{"line":26,"column":4},"end":{"line":45,"column":5}},"type":"switch","locations":[{"start":{"line":27,"column":6},"end":{"line":28,"column":67}},{"start":{"line":29,"column":6},"end":{"line":30,"column":74}},{"start":{"line":31,"column":6},"end":{"line":32,"column":68}},{"start":{"line":33,"column":6},"end":{"line":34,"column":81}},{"start":{"line":35,"column":6},"end":{"line":36,"column":71}},{"start":{"line":37,"column":6},"end":{"line":38,"column":71}},{"start":{"line":39,"column":6},"end":{"line":40,"column":84}},{"start":{"line":41,"column":6},"end":{"line":44,"column":76}}],"line":26},"1":{"loc":{"start":{"line":41,"column":11},"end":{"line":41,"column":40}},"type":"binary-expr","locations":[{"start":{"line":41,"column":11},"end":{"line":41,"column":16}},{"start":{"line":41,"column":20},"end":{"line":41,"column":40}}],"line":41},"2":{"loc":{"start":{"line":48,"column":4},"end":{"line":51,"column":5}},"type":"if","locations":[{"start":{"line":48,"column":4},"end":{"line":51,"column":5}},{"start":{},"end":{}}],"line":48},"3":{"loc":{"start":{"line":77,"column":4},"end":{"line":84,"column":5}},"type":"if","locations":[{"start":{"line":77,"column":4},"end":{"line":84,"column":5}},{"start":{},"end":{}}],"line":77},"4":{"loc":{"start":{"line":126,"column":4},"end":{"line":129,"column":5}},"type":"if","locations":[{"start":{"line":126,"column":4},"end":{"line":129,"column":5}},{"start":{},"end":{}}],"line":126},"5":{"loc":{"start":{"line":165,"column":4},"end":{"line":184,"column":5}},"type":"switch","locations":[{"start":{"line":166,"column":6},"end":{"line":167,"column":67}},{"start":{"line":168,"column":6},"end":{"line":169,"column":74}},{"start":{"line":170,"column":6},"end":{"line":171,"column":68}},{"start":{"line":172,"column":6},"end":{"line":173,"column":81}},{"start":{"line":174,"column":6},"end":{"line":175,"column":71}},{"start":{"line":176,"column":6},"end":{"line":177,"column":71}},{"start":{"line":178,"column":6},"end":{"line":179,"column":84}},{"start":{"line":180,"column":6},"end":{"line":183,"column":76}}],"line":165},"6":{"loc":{"start":{"line":180,"column":11},"end":{"line":180,"column":40}},"type":"binary-expr","locations":[{"start":{"line":180,"column":11},"end":{"line":180,"column":16}},{"start":{"line":180,"column":20},"end":{"line":180,"column":40}}],"line":180},"7":{"loc":{"start":{"line":191,"column":4},"end":{"line":194,"column":5}},"type":"if","locations":[{"start":{"line":191,"column":4},"end":{"line":194,"column":5}},{"start":{},"end":{}}],"line":191},"8":{"loc":{"start":{"line":216,"column":4},"end":{"line":216,"column":52}},"type":"if","locations":[{"start":{"line":216,"column":4},"end":{"line":216,"column":52}},{"start":{},"end":{}}],"line":216},"9":{"loc":{"start":{"line":217,"column":4},"end":{"line":217,"column":70}},"type":"if","locations":[{"start":{"line":217,"column":4},"end":{"line":217,"column":70}},{"start":{},"end":{}}],"line":217},"10":{"loc":{"start":{"line":255,"column":17},"end":{"line":255,"column":54}},"type":"cond-expr","locations":[{"start":{"line":255,"column":35},"end":{"line":255,"column":50}},{"start":{"line":255,"column":53},"end":{"line":255,"column":54}}],"line":255},"11":{"loc":{"start":{"line":350,"column":6},"end":{"line":354,"column":7}},"type":"if","locations":[{"start":{"line":350,"column":6},"end":{"line":354,"column":7}},{"start":{"line":352,"column":13},"end":{"line":354,"column":7}}],"line":350},"12":{"loc":{"start":{"line":378,"column":8},"end":{"line":387,"column":9}},"type":"if","locations":[{"start":{"line":378,"column":8},"end":{"line":387,"column":9}},{"start":{"line":385,"column":15},"end":{"line":387,"column":9}}],"line":378}},"s":{"0":1,"1":1,"2":1,"3":12,"4":12,"5":12,"6":12,"7":1,"8":1,"9":1,"10":1,"11":1,"12":1,"13":1,"14":1,"15":4,"16":4,"17":3,"18":3,"19":4,"20":3,"21":1,"22":1,"23":1,"24":4,"25":4,"26":3,"27":1,"28":2,"29":1,"30":1,"31":1,"32":4,"33":4,"34":3,"35":1,"36":1,"37":1,"38":4,"39":4,"40":1,"41":1,"42":1,"43":3,"44":3,"45":1,"46":2,"47":2,"48":1,"49":1,"50":1,"51":1,"52":12,"53":12,"54":12,"55":12,"56":1,"57":1,"58":1,"59":1,"60":1,"61":1,"62":1,"63":1,"64":4,"65":4,"66":0,"67":0,"68":4,"69":3,"70":1,"71":1,"72":1,"73":6,"74":6,"75":6,"76":6,"77":2,"78":5,"79":2,"80":5,"81":4,"82":2,"83":2,"84":1,"85":0,"86":0,"87":0,"88":0,"89":0,"90":1,"91":0,"92":0,"93":0,"94":0,"95":0,"96":0,"97":0,"98":1,"99":0,"100":0,"101":0,"102":0,"103":0,"104":0,"105":1,"106":0,"107":0,"108":0,"109":0,"110":0,"111":0,"112":1,"113":0,"114":0,"115":0,"116":0,"117":0,"118":0,"119":1,"120":0,"121":0,"122":0,"123":0,"124":0,"125":0,"126":1,"127":0,"128":0,"129":0,"130":0,"131":0,"132":0,"133":0,"134":0,"135":0,"136":0,"137":0},"f":{"0":12,"1":4,"2":4,"3":4,"4":2,"5":12,"6":6,"7":0,"8":0,"9":0,"10":0,"11":0,"12":0,"13":0,"14":0,"15":0,"16":0},"b":{"0":[1,1,1,1,1,1,1,1],"1":[5,4],"2":[3,1],"3":[1,2],"4":[1,0],"5":[1,1,1,1,1,1,1,1],"6":[5,4],"7":[0,4],"8":[2,3],"9":[2,3],"10":[0,0],"11":[0,0],"12":[0,0]},"inputSourceMap":null,"_coverageSchema":"1a1c01bbd47fc00a2c39e90264f33305004495a9","hash":"a898182b45462ba8c16767696950096b6be5c936"}
,"/Users/proglab/Documents/CS4218/Project_Milestone_1/cs4218-2420-ecom-project-team29/helpers/authHelper.js": {"path":"/Users/proglab/Documents/CS4218/Project_Milestone_1/cs4218-2420-ecom-project-team29/helpers/authHelper.js","statementMap":{"0":{"start":{"line":3,"column":28},"end":{"line":12,"column":1}},"1":{"start":{"line":4,"column":4},"end":{"line":11,"column":5}},"2":{"start":{"line":5,"column":27},"end":{"line":5,"column":29}},"3":{"start":{"line":6,"column":31},"end":{"line":6,"column":70}},"4":{"start":{"line":7,"column":8},"end":{"line":7,"column":30}},"5":{"start":{"line":10,"column":8},"end":{"line":10,"column":27}},"6":{"start":{"line":14,"column":31},"end":{"line":16,"column":1}},"7":{"start":{"line":15,"column":4},"end":{"line":15,"column":52}}},"fnMap":{"0":{"name":"(anonymous_0)","decl":{"start":{"line":3,"column":28},"end":{"line":3,"column":29}},"loc":{"start":{"line":3,"column":48},"end":{"line":12,"column":1}},"line":3},"1":{"name":"(anonymous_1)","decl":{"start":{"line":14,"column":31},"end":{"line":14,"column":32}},"loc":{"start":{"line":14,"column":66},"end":{"line":16,"column":1}},"line":14}},"branchMap":{},"s":{"0":1,"1":2,"2":2,"3":2,"4":1,"5":1,"6":1,"7":2},"f":{"0":2,"1":2},"b":{},"inputSourceMap":null,"_coverageSchema":"1a1c01bbd47fc00a2c39e90264f33305004495a9","hash":"0dff1f4216aba25685377541337ce7c190381abf"}
,"/Users/proglab/Documents/CS4218/Project_Milestone_1/cs4218-2420-ecom-project-team29/middlewares/authMiddleware.js": {"path":"/Users/proglab/Documents/CS4218/Project_Milestone_1/cs4218-2420-ecom-project-team29/middlewares/authMiddleware.js","statementMap":{"0":{"start":{"line":5,"column":29},"end":{"line":16,"column":1}},"1":{"start":{"line":6,"column":4},"end":{"line":15,"column":5}},"2":{"start":{"line":7,"column":23},"end":{"line":10,"column":9}},"3":{"start":{"line":11,"column":8},"end":{"line":11,"column":26}},"4":{"start":{"line":12,"column":8},"end":{"line":12,"column":15}},"5":{"start":{"line":14,"column":8},"end":{"line":14,"column":27}},"6":{"start":{"line":19,"column":23},"end":{"line":38,"column":1}},"7":{"start":{"line":20,"column":4},"end":{"line":37,"column":5}},"8":{"start":{"line":21,"column":21},"end":{"line":21,"column":59}},"9":{"start":{"line":22,"column":8},"end":{"line":29,"column":9}},"10":{"start":{"line":23,"column":12},"end":{"line":26,"column":15}},"11":{"start":{"line":28,"column":12},"end":{"line":28,"column":19}},"12":{"start":{"line":31,"column":8},"end":{"line":31,"column":27}},"13":{"start":{"line":32,"column":8},"end":{"line":36,"column":11}}},"fnMap":{"0":{"name":"(anonymous_0)","decl":{"start":{"line":5,"column":29},"end":{"line":5,"column":30}},"loc":{"start":{"line":5,"column":55},"end":{"line":16,"column":1}},"line":5},"1":{"name":"(anonymous_1)","decl":{"start":{"line":19,"column":23},"end":{"line":19,"column":24}},"loc":{"start":{"line":19,"column":49},"end":{"line":38,"column":1}},"line":19}},"branchMap":{"0":{"loc":{"start":{"line":22,"column":8},"end":{"line":29,"column":9}},"type":"if","locations":[{"start":{"line":22,"column":8},"end":{"line":29,"column":9}},{"start":{"line":27,"column":15},"end":{"line":29,"column":9}}],"line":22}},"s":{"0":1,"1":2,"2":2,"3":1,"4":1,"5":1,"6":1,"7":3,"8":3,"9":2,"10":1,"11":1,"12":1,"13":1},"f":{"0":2,"1":3},"b":{"0":[1,1]},"inputSourceMap":null,"_coverageSchema":"1a1c01bbd47fc00a2c39e90264f33305004495a9","hash":"9ff585d0e63c07b19a3dcdad3e5670b04efa6d13"}
,"/Users/proglab/Documents/CS4218/Project_Milestone_1/cs4218-2420-ecom-project-team29/models/categoryModel.js": {"path":"/Users/proglab/Documents/CS4218/Project_Milestone_1/cs4218-2420-ecom-project-team29/models/categoryModel.js","statementMap":{"0":{"start":{"line":3,"column":23},"end":{"line":13,"column":2}}},"fnMap":{},"branchMap":{},"s":{"0":2},"f":{},"b":{},"inputSourceMap":null,"_coverageSchema":"1a1c01bbd47fc00a2c39e90264f33305004495a9","hash":"423ec401da2fe4fd5752f55a16e5010bcbbe9c5e"}
,"/Users/proglab/Documents/CS4218/Project_Milestone_1/cs4218-2420-ecom-project-team29/models/orderModel.js": {"path":"/Users/proglab/Documents/CS4218/Project_Milestone_1/cs4218-2420-ecom-project-team29/models/orderModel.js","statementMap":{"0":{"start":{"line":3,"column":20},"end":{"line":37,"column":1}},"1":{"start":{"line":14,"column":10},"end":{"line":14,"column":50}}},"fnMap":{"0":{"name":"(anonymous_0)","decl":{"start":{"line":13,"column":19},"end":{"line":13,"column":20}},"loc":{"start":{"line":13,"column":39},"end":{"line":15,"column":9}},"line":13}},"branchMap":{"0":{"loc":{"start":{"line":14,"column":17},"end":{"line":14,"column":49}},"type":"binary-expr","locations":[{"start":{"line":14,"column":17},"end":{"line":14,"column":25}},{"start":{"line":14,"column":29},"end":{"line":14,"column":49}}],"line":14}},"s":{"0":3,"1":17},"f":{"0":17},"b":{"0":[17,17]},"inputSourceMap":null,"_coverageSchema":"1a1c01bbd47fc00a2c39e90264f33305004495a9","hash":"f2758608bb889e2ce0cd658beb72350e85697141"}
,"/Users/proglab/Documents/CS4218/Project_Milestone_1/cs4218-2420-ecom-project-team29/models/productModel.js": {"path":"/Users/proglab/Documents/CS4218/Project_Milestone_1/cs4218-2420-ecom-project-team29/models/productModel.js","statementMap":{"0":{"start":{"line":3,"column":22},"end":{"line":39,"column":1}}},"fnMap":{},"branchMap":{},"s":{"0":1},"f":{},"b":{},"inputSourceMap":null,"_coverageSchema":"1a1c01bbd47fc00a2c39e90264f33305004495a9","hash":"99c806503d53734028c07acf1ca7964474703609"}
,"/Users/proglab/Documents/CS4218/Project_Milestone_1/cs4218-2420-ecom-project-team29/models/userModel.js": {"path":"/Users/proglab/Documents/CS4218/Project_Milestone_1/cs4218-2420-ecom-project-team29/models/userModel.js","statementMap":{"0":{"start":{"line":3,"column":19},"end":{"line":37,"column":1}}},"fnMap":{},"branchMap":{},"s":{"0":3},"f":{},"b":{},"inputSourceMap":null,"_coverageSchema":"1a1c01bbd47fc00a2c39e90264f33305004495a9","hash":"00326feef2c07d008405111e3f6051499156997d"}
,"/Users/proglab/Documents/CS4218/Project_Milestone_1/cs4218-2420-ecom-project-team29/routes/authRoute.js": {"path":"/Users/proglab/Documents/CS4218/Project_Milestone_1/cs4218-2420-ecom-project-team29/routes/authRoute.js","statementMap":{"0":{"start":{"line":16,"column":15},"end":{"line":16,"column":31}},"1":{"start":{"line":20,"column":0},"end":{"line":20,"column":45}},"2":{"start":{"line":23,"column":0},"end":{"line":23,"column":39}},"3":{"start":{"line":26,"column":0},"end":{"line":26,"column":58}},"4":{"start":{"line":29,"column":0},"end":{"line":29,"column":60}},"5":{"start":{"line":32,"column":0},"end":{"line":34,"column":3}},"6":{"start":{"line":33,"column":2},"end":{"line":33,"column":37}},"7":{"start":{"line":36,"column":0},"end":{"line":38,"column":3}},"8":{"start":{"line":37,"column":2},"end":{"line":37,"column":37}},"9":{"start":{"line":41,"column":0},"end":{"line":41,"column":63}},"10":{"start":{"line":44,"column":0},"end":{"line":44,"column":58}},"11":{"start":{"line":47,"column":0},"end":{"line":47,"column":74}},"12":{"start":{"line":50,"column":0},"end":{"line":50,"column":72}},"13":{"start":{"line":54,"column":0},"end":{"line":59,"column":2}}},"fnMap":{"0":{"name":"(anonymous_0)","decl":{"start":{"line":32,"column":40},"end":{"line":32,"column":41}},"loc":{"start":{"line":32,"column":54},"end":{"line":34,"column":1}},"line":32},"1":{"name":"(anonymous_1)","decl":{"start":{"line":36,"column":50},"end":{"line":36,"column":51}},"loc":{"start":{"line":36,"column":64},"end":{"line":38,"column":1}},"line":36}},"branchMap":{},"s":{"0":0,"1":0,"2":0,"3":0,"4":0,"5":0,"6":0,"7":0,"8":0,"9":0,"10":0,"11":0,"12":0,"13":0},"f":{"0":0,"1":0},"b":{},"inputSourceMap":null}
,"/Users/proglab/Documents/CS4218/Project_Milestone_1/cs4218-2420-ecom-project-team29/routes/categoryRoutes.js": {"path":"/Users/proglab/Documents/CS4218/Project_Milestone_1/cs4218-2420-ecom-project-team29/routes/categoryRoutes.js","statementMap":{"0":{"start":{"line":11,"column":15},"end":{"line":11,"column":31}},"1":{"start":{"line":15,"column":0},"end":{"line":20,"column":2}},"2":{"start":{"line":23,"column":0},"end":{"line":28,"column":2}},"3":{"start":{"line":31,"column":0},"end":{"line":31,"column":49}},"4":{"start":{"line":34,"column":0},"end":{"line":34,"column":63}},"5":{"start":{"line":37,"column":0},"end":{"line":42,"column":2}}},"fnMap":{},"branchMap":{},"s":{"0":0,"1":0,"2":0,"3":0,"4":0,"5":0},"f":{},"b":{},"inputSourceMap":null}
,"/Users/proglab/Documents/CS4218/Project_Milestone_1/cs4218-2420-ecom-project-team29/routes/productRoutes.js": {"path":"/Users/proglab/Documents/CS4218/Project_Milestone_1/cs4218-2420-ecom-project-team29/routes/productRoutes.js","statementMap":{"0":{"start":{"line":21,"column":15},"end":{"line":21,"column":31}},"1":{"start":{"line":24,"column":0},"end":{"line":30,"column":2}},"2":{"start":{"line":32,"column":0},"end":{"line":38,"column":2}},"3":{"start":{"line":41,"column":0},"end":{"line":41,"column":49}},"4":{"start":{"line":44,"column":0},"end":{"line":44,"column":61}},"5":{"start":{"line":47,"column":0},"end":{"line":47,"column":58}},"6":{"start":{"line":50,"column":0},"end":{"line":50,"column":63}},"7":{"start":{"line":53,"column":0},"end":{"line":53,"column":58}},"8":{"start":{"line":56,"column":0},"end":{"line":56,"column":53}},"9":{"start":{"line":59,"column":0},"end":{"line":59,"column":57}},"10":{"start":{"line":62,"column":0},"end":{"line":62,"column":56}},"11":{"start":{"line":65,"column":0},"end":{"line":65,"column":67}},"12":{"start":{"line":68,"column":0},"end":{"line":68,"column":65}},"13":{"start":{"line":72,"column":0},"end":{"line":72,"column":57}},"14":{"start":{"line":75,"column":0},"end":{"line":75,"column":77}}},"fnMap":{},"branchMap":{},"s":{"0":0,"1":0,"2":0,"3":0,"4":0,"5":0,"6":0,"7":0,"8":0,"9":0,"10":0,"11":0,"12":0,"13":0,"14":0},"f":{},"b":{},"inputSourceMap":null}
}
