{"/Users/proglab/Documents/CS4218/Project_Milestone_1/cs4218-2420-ecom-project-team29/controllers/productController.js": {"path":"/Users/proglab/Documents/CS4218/Project_Milestone_1/cs4218-2420-ecom-project-team29/controllers/productController.js","statementMap":{"0":{"start":{"line":10,"column":0},"end":{"line":10,"column":16}},"1":{"start":{"line":13,"column":14},"end":{"line":18,"column":2}},"2":{"start":{"line":20,"column":39},"end":{"line":66,"column":1}},"3":{"start":{"line":21,"column":2},"end":{"line":65,"column":3}},"4":{"start":{"line":23,"column":6},"end":{"line":23,"column":16}},"5":{"start":{"line":24,"column":22},"end":{"line":24,"column":31}},"6":{"start":{"line":26,"column":4},"end":{"line":45,"column":5}},"7":{"start":{"line":28,"column":8},"end":{"line":28,"column":67}},"8":{"start":{"line":30,"column":8},"end":{"line":30,"column":74}},"9":{"start":{"line":32,"column":8},"end":{"line":32,"column":68}},"10":{"start":{"line":34,"column":8},"end":{"line":34,"column":81}},"11":{"start":{"line":36,"column":8},"end":{"line":36,"column":71}},"12":{"start":{"line":38,"column":8},"end":{"line":38,"column":71}},"13":{"start":{"line":40,"column":8},"end":{"line":40,"column":84}},"14":{"start":{"line":42,"column":8},"end":{"line":44,"column":76}},"15":{"start":{"line":47,"column":21},"end":{"line":47,"column":77}},"16":{"start":{"line":48,"column":4},"end":{"line":51,"column":5}},"17":{"start":{"line":49,"column":6},"end":{"line":49,"column":56}},"18":{"start":{"line":50,"column":6},"end":{"line":50,"column":46}},"19":{"start":{"line":52,"column":4},"end":{"line":52,"column":26}},"20":{"start":{"line":53,"column":4},"end":{"line":57,"column":7}},"21":{"start":{"line":59,"column":4},"end":{"line":59,"column":23}},"22":{"start":{"line":60,"column":4},"end":{"line":64,"column":7}},"23":{"start":{"line":69,"column":36},"end":{"line":99,"column":1}},"24":{"start":{"line":70,"column":2},"end":{"line":98,"column":3}},"25":{"start":{"line":71,"column":21},"end":{"line":76,"column":30}},"26":{"start":{"line":77,"column":4},"end":{"line":84,"column":5}},"27":{"start":{"line":78,"column":6},"end":{"line":83,"column":9}},"28":{"start":{"line":85,"column":4},"end":{"line":90,"column":7}},"29":{"start":{"line":92,"column":4},"end":{"line":92,"column":23}},"30":{"start":{"line":93,"column":4},"end":{"line":97,"column":7}},"31":{"start":{"line":101,"column":42},"end":{"line":120,"column":1}},"32":{"start":{"line":102,"column":2},"end":{"line":119,"column":3}},"33":{"start":{"line":103,"column":20},"end":{"line":106,"column":27}},"34":{"start":{"line":107,"column":4},"end":{"line":111,"column":7}},"35":{"start":{"line":113,"column":4},"end":{"line":113,"column":23}},"36":{"start":{"line":114,"column":4},"end":{"line":118,"column":7}},"37":{"start":{"line":123,"column":38},"end":{"line":138,"column":1}},"38":{"start":{"line":124,"column":2},"end":{"line":137,"column":3}},"39":{"start":{"line":125,"column":20},"end":{"line":125,"column":79}},"40":{"start":{"line":126,"column":4},"end":{"line":129,"column":5}},"41":{"start":{"line":127,"column":6},"end":{"line":127,"column":57}},"42":{"start":{"line":128,"column":6},"end":{"line":128,"column":54}},"43":{"start":{"line":131,"column":4},"end":{"line":131,"column":23}},"44":{"start":{"line":132,"column":4},"end":{"line":136,"column":7}},"45":{"start":{"line":141,"column":39},"end":{"line":156,"column":1}},"46":{"start":{"line":142,"column":2},"end":{"line":155,"column":3}},"47":{"start":{"line":143,"column":4},"end":{"line":143,"column":74}},"48":{"start":{"line":144,"column":4},"end":{"line":147,"column":7}},"49":{"start":{"line":149,"column":4},"end":{"line":149,"column":23}},"50":{"start":{"line":150,"column":4},"end":{"line":154,"column":7}},"51":{"start":{"line":159,"column":39},"end":{"line":209,"column":1}},"52":{"start":{"line":160,"column":2},"end":{"line":208,"column":3}},"53":{"start":{"line":162,"column":6},"end":{"line":162,"column":16}},"54":{"start":{"line":163,"column":22},"end":{"line":163,"column":31}},"55":{"start":{"line":165,"column":4},"end":{"line":184,"column":5}},"56":{"start":{"line":167,"column":8},"end":{"line":167,"column":67}},"57":{"start":{"line":169,"column":8},"end":{"line":169,"column":74}},"58":{"start":{"line":171,"column":8},"end":{"line":171,"column":68}},"59":{"start":{"line":173,"column":8},"end":{"line":173,"column":81}},"60":{"start":{"line":175,"column":8},"end":{"line":175,"column":71}},"61":{"start":{"line":177,"column":8},"end":{"line":177,"column":71}},"62":{"start":{"line":179,"column":8},"end":{"line":179,"column":84}},"63":{"start":{"line":181,"column":8},"end":{"line":183,"column":76}},"64":{"start":{"line":186,"column":21},"end":{"line":190,"column":5}},"65":{"start":{"line":191,"column":4},"end":{"line":194,"column":5}},"66":{"start":{"line":192,"column":6},"end":{"line":192,"column":56}},"67":{"start":{"line":193,"column":6},"end":{"line":193,"column":46}},"68":{"start":{"line":195,"column":4},"end":{"line":195,"column":26}},"69":{"start":{"line":196,"column":4},"end":{"line":200,"column":7}},"70":{"start":{"line":202,"column":4},"end":{"line":202,"column":23}},"71":{"start":{"line":203,"column":4},"end":{"line":207,"column":7}},"72":{"start":{"line":212,"column":40},"end":{"line":231,"column":1}},"73":{"start":{"line":213,"column":2},"end":{"line":230,"column":3}},"74":{"start":{"line":214,"column":31},"end":{"line":214,"column":39}},"75":{"start":{"line":215,"column":15},"end":{"line":215,"column":17}},"76":{"start":{"line":216,"column":4},"end":{"line":216,"column":52}},"77":{"start":{"line":216,"column":28},"end":{"line":216,"column":52}},"78":{"start":{"line":217,"column":4},"end":{"line":217,"column":70}},"79":{"start":{"line":217,"column":22},"end":{"line":217,"column":70}},"80":{"start":{"line":218,"column":21},"end":{"line":218,"column":50}},"81":{"start":{"line":219,"column":4},"end":{"line":222,"column":7}},"82":{"start":{"line":224,"column":4},"end":{"line":224,"column":23}},"83":{"start":{"line":225,"column":4},"end":{"line":229,"column":7}},"84":{"start":{"line":234,"column":38},"end":{"line":249,"column":1}},"85":{"start":{"line":235,"column":2},"end":{"line":248,"column":3}},"86":{"start":{"line":236,"column":18},"end":{"line":236,"column":70}},"87":{"start":{"line":237,"column":4},"end":{"line":240,"column":7}},"88":{"start":{"line":242,"column":4},"end":{"line":242,"column":23}},"89":{"start":{"line":243,"column":4},"end":{"line":247,"column":7}},"90":{"start":{"line":252,"column":37},"end":{"line":274,"column":1}},"91":{"start":{"line":253,"column":2},"end":{"line":273,"column":3}},"92":{"start":{"line":254,"column":20},"end":{"line":254,"column":21}},"93":{"start":{"line":255,"column":17},"end":{"line":255,"column":54}},"94":{"start":{"line":256,"column":21},"end":{"line":261,"column":30}},"95":{"start":{"line":262,"column":4},"end":{"line":265,"column":7}},"96":{"start":{"line":267,"column":4},"end":{"line":267,"column":23}},"97":{"start":{"line":268,"column":4},"end":{"line":272,"column":7}},"98":{"start":{"line":277,"column":39},"end":{"line":297,"column":1}},"99":{"start":{"line":278,"column":2},"end":{"line":296,"column":3}},"100":{"start":{"line":279,"column":24},"end":{"line":279,"column":34}},"101":{"start":{"line":280,"column":20},"end":{"line":287,"column":23}},"102":{"start":{"line":288,"column":4},"end":{"line":288,"column":22}},"103":{"start":{"line":290,"column":4},"end":{"line":290,"column":23}},"104":{"start":{"line":291,"column":4},"end":{"line":295,"column":7}},"105":{"start":{"line":300,"column":40},"end":{"line":323,"column":1}},"106":{"start":{"line":301,"column":2},"end":{"line":322,"column":3}},"107":{"start":{"line":302,"column":25},"end":{"line":302,"column":35}},"108":{"start":{"line":303,"column":21},"end":{"line":310,"column":27}},"109":{"start":{"line":311,"column":4},"end":{"line":314,"column":7}},"110":{"start":{"line":316,"column":4},"end":{"line":316,"column":23}},"111":{"start":{"line":317,"column":4},"end":{"line":321,"column":7}},"112":{"start":{"line":326,"column":41},"end":{"line":343,"column":1}},"113":{"start":{"line":327,"column":2},"end":{"line":342,"column":3}},"114":{"start":{"line":328,"column":21},"end":{"line":328,"column":75}},"115":{"start":{"line":329,"column":21},"end":{"line":329,"column":79}},"116":{"start":{"line":330,"column":4},"end":{"line":334,"column":7}},"117":{"start":{"line":336,"column":4},"end":{"line":336,"column":23}},"118":{"start":{"line":337,"column":4},"end":{"line":341,"column":7}},"119":{"start":{"line":347,"column":40},"end":{"line":359,"column":1}},"120":{"start":{"line":348,"column":2},"end":{"line":358,"column":3}},"121":{"start":{"line":349,"column":4},"end":{"line":355,"column":7}},"122":{"start":{"line":350,"column":6},"end":{"line":354,"column":7}},"123":{"start":{"line":351,"column":8},"end":{"line":351,"column":34}},"124":{"start":{"line":353,"column":8},"end":{"line":353,"column":27}},"125":{"start":{"line":357,"column":4},"end":{"line":357,"column":23}},"126":{"start":{"line":362,"column":42},"end":{"line":393,"column":1}},"127":{"start":{"line":363,"column":2},"end":{"line":392,"column":3}},"128":{"start":{"line":364,"column":28},"end":{"line":364,"column":36}},"129":{"start":{"line":365,"column":16},"end":{"line":365,"column":17}},"130":{"start":{"line":366,"column":4},"end":{"line":368,"column":7}},"131":{"start":{"line":367,"column":6},"end":{"line":367,"column":23}},"132":{"start":{"line":369,"column":25},"end":{"line":389,"column":5}},"133":{"start":{"line":378,"column":8},"end":{"line":387,"column":9}},"134":{"start":{"line":379,"column":24},"end":{"line":383,"column":19}},"135":{"start":{"line":384,"column":10},"end":{"line":384,"column":33}},"136":{"start":{"line":386,"column":10},"end":{"line":386,"column":38}},"137":{"start":{"line":391,"column":4},"end":{"line":391,"column":23}}},"fnMap":{"0":{"name":"(anonymous_0)","decl":{"start":{"line":20,"column":39},"end":{"line":20,"column":40}},"loc":{"start":{"line":20,"column":59},"end":{"line":66,"column":1}},"line":20},"1":{"name":"(anonymous_1)","decl":{"start":{"line":69,"column":36},"end":{"line":69,"column":37}},"loc":{"start":{"line":69,"column":56},"end":{"line":99,"column":1}},"line":69},"2":{"name":"(anonymous_2)","decl":{"start":{"line":101,"column":42},"end":{"line":101,"column":43}},"loc":{"start":{"line":101,"column":62},"end":{"line":120,"column":1}},"line":101},"3":{"name":"(anonymous_3)","decl":{"start":{"line":123,"column":38},"end":{"line":123,"column":39}},"loc":{"start":{"line":123,"column":58},"end":{"line":138,"column":1}},"line":123},"4":{"name":"(anonymous_4)","decl":{"start":{"line":141,"column":39},"end":{"line":141,"column":40}},"loc":{"start":{"line":141,"column":59},"end":{"line":156,"column":1}},"line":141},"5":{"name":"(anonymous_5)","decl":{"start":{"line":159,"column":39},"end":{"line":159,"column":40}},"loc":{"start":{"line":159,"column":59},"end":{"line":209,"column":1}},"line":159},"6":{"name":"(anonymous_6)","decl":{"start":{"line":212,"column":40},"end":{"line":212,"column":41}},"loc":{"start":{"line":212,"column":60},"end":{"line":231,"column":1}},"line":212},"7":{"name":"(anonymous_7)","decl":{"start":{"line":234,"column":38},"end":{"line":234,"column":39}},"loc":{"start":{"line":234,"column":58},"end":{"line":249,"column":1}},"line":234},"8":{"name":"(anonymous_8)","decl":{"start":{"line":252,"column":37},"end":{"line":252,"column":38}},"loc":{"start":{"line":252,"column":57},"end":{"line":274,"column":1}},"line":252},"9":{"name":"(anonymous_9)","decl":{"start":{"line":277,"column":39},"end":{"line":277,"column":40}},"loc":{"start":{"line":277,"column":59},"end":{"line":297,"column":1}},"line":277},"10":{"name":"(anonymous_10)","decl":{"start":{"line":300,"column":40},"end":{"line":300,"column":41}},"loc":{"start":{"line":300,"column":60},"end":{"line":323,"column":1}},"line":300},"11":{"name":"(anonymous_11)","decl":{"start":{"line":326,"column":41},"end":{"line":326,"column":42}},"loc":{"start":{"line":326,"column":61},"end":{"line":343,"column":1}},"line":326},"12":{"name":"(anonymous_12)","decl":{"start":{"line":347,"column":40},"end":{"line":347,"column":41}},"loc":{"start":{"line":347,"column":60},"end":{"line":359,"column":1}},"line":347},"13":{"name":"(anonymous_13)","decl":{"start":{"line":349,"column":37},"end":{"line":349,"column":38}},"loc":{"start":{"line":349,"column":62},"end":{"line":355,"column":5}},"line":349},"14":{"name":"(anonymous_14)","decl":{"start":{"line":362,"column":42},"end":{"line":362,"column":43}},"loc":{"start":{"line":362,"column":62},"end":{"line":393,"column":1}},"line":362},"15":{"name":"(anonymous_15)","decl":{"start":{"line":366,"column":13},"end":{"line":366,"column":14}},"loc":{"start":{"line":366,"column":20},"end":{"line":368,"column":5}},"line":366},"16":{"name":"(anonymous_16)","decl":{"start":{"line":377,"column":6},"end":{"line":377,"column":7}},"loc":{"start":{"line":377,"column":31},"end":{"line":388,"column":7}},"line":377}},"branchMap":{"0":{"loc":{"start":{"line":26,"column":4},"end":{"line":45,"column":5}},"type":"switch","locations":[{"start":{"line":27,"column":6},"end":{"line":28,"column":67}},{"start":{"line":29,"column":6},"end":{"line":30,"column":74}},{"start":{"line":31,"column":6},"end":{"line":32,"column":68}},{"start":{"line":33,"column":6},"end":{"line":34,"column":81}},{"start":{"line":35,"column":6},"end":{"line":36,"column":71}},{"start":{"line":37,"column":6},"end":{"line":38,"column":71}},{"start":{"line":39,"column":6},"end":{"line":40,"column":84}},{"start":{"line":41,"column":6},"end":{"line":44,"column":76}}],"line":26},"1":{"loc":{"start":{"line":41,"column":11},"end":{"line":41,"column":40}},"type":"binary-expr","locations":[{"start":{"line":41,"column":11},"end":{"line":41,"column":16}},{"start":{"line":41,"column":20},"end":{"line":41,"column":40}}],"line":41},"2":{"loc":{"start":{"line":48,"column":4},"end":{"line":51,"column":5}},"type":"if","locations":[{"start":{"line":48,"column":4},"end":{"line":51,"column":5}},{"start":{},"end":{}}],"line":48},"3":{"loc":{"start":{"line":77,"column":4},"end":{"line":84,"column":5}},"type":"if","locations":[{"start":{"line":77,"column":4},"end":{"line":84,"column":5}},{"start":{},"end":{}}],"line":77},"4":{"loc":{"start":{"line":126,"column":4},"end":{"line":129,"column":5}},"type":"if","locations":[{"start":{"line":126,"column":4},"end":{"line":129,"column":5}},{"start":{},"end":{}}],"line":126},"5":{"loc":{"start":{"line":165,"column":4},"end":{"line":184,"column":5}},"type":"switch","locations":[{"start":{"line":166,"column":6},"end":{"line":167,"column":67}},{"start":{"line":168,"column":6},"end":{"line":169,"column":74}},{"start":{"line":170,"column":6},"end":{"line":171,"column":68}},{"start":{"line":172,"column":6},"end":{"line":173,"column":81}},{"start":{"line":174,"column":6},"end":{"line":175,"column":71}},{"start":{"line":176,"column":6},"end":{"line":177,"column":71}},{"start":{"line":178,"column":6},"end":{"line":179,"column":84}},{"start":{"line":180,"column":6},"end":{"line":183,"column":76}}],"line":165},"6":{"loc":{"start":{"line":180,"column":11},"end":{"line":180,"column":40}},"type":"binary-expr","locations":[{"start":{"line":180,"column":11},"end":{"line":180,"column":16}},{"start":{"line":180,"column":20},"end":{"line":180,"column":40}}],"line":180},"7":{"loc":{"start":{"line":191,"column":4},"end":{"line":194,"column":5}},"type":"if","locations":[{"start":{"line":191,"column":4},"end":{"line":194,"column":5}},{"start":{},"end":{}}],"line":191},"8":{"loc":{"start":{"line":216,"column":4},"end":{"line":216,"column":52}},"type":"if","locations":[{"start":{"line":216,"column":4},"end":{"line":216,"column":52}},{"start":{},"end":{}}],"line":216},"9":{"loc":{"start":{"line":217,"column":4},"end":{"line":217,"column":70}},"type":"if","locations":[{"start":{"line":217,"column":4},"end":{"line":217,"column":70}},{"start":{},"end":{}}],"line":217},"10":{"loc":{"start":{"line":255,"column":17},"end":{"line":255,"column":54}},"type":"cond-expr","locations":[{"start":{"line":255,"column":35},"end":{"line":255,"column":50}},{"start":{"line":255,"column":53},"end":{"line":255,"column":54}}],"line":255},"11":{"loc":{"start":{"line":350,"column":6},"end":{"line":354,"column":7}},"type":"if","locations":[{"start":{"line":350,"column":6},"end":{"line":354,"column":7}},{"start":{"line":352,"column":13},"end":{"line":354,"column":7}}],"line":350},"12":{"loc":{"start":{"line":378,"column":8},"end":{"line":387,"column":9}},"type":"if","locations":[{"start":{"line":378,"column":8},"end":{"line":387,"column":9}},{"start":{"line":385,"column":15},"end":{"line":387,"column":9}}],"line":378}},"s":{"0":1,"1":1,"2":1,"3":0,"4":0,"5":0,"6":0,"7":0,"8":0,"9":0,"10":0,"11":0,"12":0,"13":0,"14":0,"15":0,"16":0,"17":0,"18":0,"19":0,"20":0,"21":0,"22":0,"23":1,"24":4,"25":4,"26":3,"27":1,"28":2,"29":1,"30":1,"31":1,"32":4,"33":4,"34":3,"35":1,"36":1,"37":1,"38":4,"39":4,"40":1,"41":1,"42":1,"43":3,"44":3,"45":1,"46":0,"47":0,"48":0,"49":0,"50":0,"51":1,"52":0,"53":0,"54":0,"55":0,"56":0,"57":0,"58":0,"59":0,"60":0,"61":0,"62":0,"63":0,"64":0,"65":0,"66":0,"67":0,"68":0,"69":0,"70":0,"71":0,"72":1,"73":6,"74":6,"75":6,"76":6,"77":2,"78":5,"79":2,"80":5,"81":4,"82":2,"83":2,"84":1,"85":3,"86":3,"87":2,"88":1,"89":1,"90":1,"91":4,"92":4,"93":4,"94":4,"95":2,"96":2,"97":2,"98":1,"99":4,"100":4,"101":4,"102":3,"103":1,"104":1,"105":1,"106":3,"107":3,"108":3,"109":2,"110":1,"111":1,"112":1,"113":2,"114":2,"115":1,"116":1,"117":1,"118":1,"119":1,"120":0,"121":0,"122":0,"123":0,"124":0,"125":0,"126":1,"127":0,"128":0,"129":0,"130":0,"131":0,"132":0,"133":0,"134":0,"135":0,"136":0,"137":0},"f":{"0":0,"1":4,"2":4,"3":4,"4":0,"5":0,"6":6,"7":3,"8":4,"9":4,"10":3,"11":2,"12":0,"13":0,"14":0,"15":0,"16":0},"b":{"0":[0,0,0,0,0,0,0,0],"1":[0,0],"2":[0,0],"3":[1,2],"4":[1,0],"5":[0,0,0,0,0,0,0,0],"6":[0,0],"7":[0,0],"8":[2,3],"9":[2,3],"10":[2,2],"11":[0,0],"12":[0,0]},"inputSourceMap":null,"_coverageSchema":"1a1c01bbd47fc00a2c39e90264f33305004495a9","hash":"a898182b45462ba8c16767696950096b6be5c936"}
,"/Users/proglab/Documents/CS4218/Project_Milestone_1/cs4218-2420-ecom-project-team29/models/productModel.js": {"path":"/Users/proglab/Documents/CS4218/Project_Milestone_1/cs4218-2420-ecom-project-team29/models/productModel.js","statementMap":{"0":{"start":{"line":3,"column":22},"end":{"line":39,"column":1}}},"fnMap":{},"branchMap":{},"s":{"0":1},"f":{},"b":{},"inputSourceMap":null,"_coverageSchema":"1a1c01bbd47fc00a2c39e90264f33305004495a9","hash":"99c806503d53734028c07acf1ca7964474703609"}
}
