TN:
SF:controllers/productController.js
FN:20,(anonymous_0)
FN:69,(anonymous_1)
FN:101,(anonymous_2)
FN:123,(anonymous_3)
FN:141,(anonymous_4)
FN:159,(anonymous_5)
FN:212,(anonymous_6)
FN:234,(anonymous_7)
FN:252,(anonymous_8)
FN:277,(anonymous_9)
FN:300,(anonymous_10)
FN:326,(anonymous_11)
FN:347,(anonymous_12)
FN:349,(anonymous_13)
FN:362,(anonymous_14)
FN:366,(anonymous_15)
FN:377,(anonymous_16)
FNF:17
FNH:9
FNDA:0,(anonymous_0)
FNDA:4,(anonymous_1)
FNDA:4,(anonymous_2)
FNDA:4,(anonymous_3)
FNDA:0,(anonymous_4)
FNDA:0,(anonymous_5)
FNDA:6,(anonymous_6)
FNDA:3,(anonymous_7)
FNDA:4,(anonymous_8)
FNDA:4,(anonymous_9)
FNDA:3,(anonymous_10)
FNDA:2,(anonymous_11)
FNDA:0,(anonymous_12)
FNDA:0,(anonymous_13)
FNDA:0,(anonymous_14)
FNDA:0,(anonymous_15)
FNDA:0,(anonymous_16)
DA:10,1
DA:13,1
DA:20,1
DA:21,0
DA:23,0
DA:24,0
DA:26,0
DA:28,0
DA:30,0
DA:32,0
DA:34,0
DA:36,0
DA:38,0
DA:40,0
DA:42,0
DA:47,0
DA:48,0
DA:49,0
DA:50,0
DA:52,0
DA:53,0
DA:59,0
DA:60,0
DA:69,1
DA:70,4
DA:71,4
DA:77,3
DA:78,1
DA:85,2
DA:92,1
DA:93,1
DA:101,1
DA:102,4
DA:103,4
DA:107,3
DA:113,1
DA:114,1
DA:123,1
DA:124,4
DA:125,4
DA:126,1
DA:127,1
DA:128,1
DA:131,3
DA:132,3
DA:141,1
DA:142,0
DA:143,0
DA:144,0
DA:149,0
DA:150,0
DA:159,1
DA:160,0
DA:162,0
DA:163,0
DA:165,0
DA:167,0
DA:169,0
DA:171,0
DA:173,0
DA:175,0
DA:177,0
DA:179,0
DA:181,0
DA:186,0
DA:191,0
DA:192,0
DA:193,0
DA:195,0
DA:196,0
DA:202,0
DA:203,0
DA:212,1
DA:213,6
DA:214,6
DA:215,6
DA:216,6
DA:217,5
DA:218,5
DA:219,4
DA:224,2
DA:225,2
DA:234,1
DA:235,3
DA:236,3
DA:237,2
DA:242,1
DA:243,1
DA:252,1
DA:253,4
DA:254,4
DA:255,4
DA:256,4
DA:262,2
DA:267,2
DA:268,2
DA:277,1
DA:278,4
DA:279,4
DA:280,4
DA:288,3
DA:290,1
DA:291,1
DA:300,1
DA:301,3
DA:302,3
DA:303,3
DA:311,2
DA:316,1
DA:317,1
DA:326,1
DA:327,2
DA:328,2
DA:329,1
DA:330,1
DA:336,1
DA:337,1
DA:347,1
DA:348,0
DA:349,0
DA:350,0
DA:351,0
DA:353,0
DA:357,0
DA:362,1
DA:363,0
DA:364,0
DA:365,0
DA:366,0
DA:367,0
DA:369,0
DA:378,0
DA:379,0
DA:384,0
DA:386,0
DA:391,0
LF:136
LH:74
BRDA:26,0,0,0
BRDA:26,0,1,0
BRDA:26,0,2,0
BRDA:26,0,3,0
BRDA:26,0,4,0
BRDA:26,0,5,0
BRDA:26,0,6,0
BRDA:26,0,7,0
BRDA:41,1,0,0
BRDA:41,1,1,0
BRDA:48,2,0,0
BRDA:48,2,1,0
BRDA:77,3,0,1
BRDA:77,3,1,2
BRDA:126,4,0,1
BRDA:126,4,1,0
BRDA:165,5,0,0
BRDA:165,5,1,0
BRDA:165,5,2,0
BRDA:165,5,3,0
BRDA:165,5,4,0
BRDA:165,5,5,0
BRDA:165,5,6,0
BRDA:165,5,7,0
BRDA:180,6,0,0
BRDA:180,6,1,0
BRDA:191,7,0,0
BRDA:191,7,1,0
BRDA:216,8,0,2
BRDA:216,8,1,3
BRDA:217,9,0,2
BRDA:217,9,1,3
BRDA:255,10,0,2
BRDA:255,10,1,2
BRDA:350,11,0,0
BRDA:350,11,1,0
BRDA:378,12,0,0
BRDA:378,12,1,0
BRF:38
BRH:9
end_of_record
TN:
SF:models/productModel.js
FNF:0
FNH:0
DA:3,1
LF:1
LH:1
BRF:0
BRH:0
end_of_record
