TN:
SF:config/db.js
FN:3,(anonymous_0)
FNF:1
FNH:1
FNDA:2,(anonymous_0)
DA:3,1
DA:4,2
DA:5,2
DA:6,1
DA:8,1
LF:5
LH:5
BRF:0
BRH:0
end_of_record
TN:
SF:controllers/authController.js
FN:9,(anonymous_0)
FN:78,(anonymous_1)
FN:132,(anonymous_2)
FN:170,(anonymous_3)
FN:180,(anonymous_4)
FN:234,(anonymous_5)
FN:259,(anonymous_6)
FN:278,(anonymous_7)
FN:334,(anonymous_8)
FNF:9
FNH:7
FNDA:18,(anonymous_0)
FNDA:7,(anonymous_1)
FNDA:6,(anonymous_2)
FNDA:2,(anonymous_3)
FNDA:0,(anonymous_4)
FNDA:5,(anonymous_5)
FNDA:3,(anonymous_6)
FNDA:6,(anonymous_7)
FNDA:0,(anonymous_8)
DA:9,1
DA:10,18
DA:11,18
DA:13,18
DA:14,8
DA:16,10
DA:17,1
DA:19,9
DA:20,1
DA:22,8
DA:23,1
DA:25,7
DA:26,1
DA:28,6
DA:29,1
DA:33,5
DA:34,1
DA:37,4
DA:38,1
DA:42,3
DA:44,2
DA:45,1
DA:51,1
DA:53,1
DA:62,1
DA:68,1
DA:69,1
DA:78,1
DA:79,7
DA:80,7
DA:82,7
DA:83,3
DA:89,4
DA:90,3
DA:91,1
DA:96,2
DA:97,2
DA:98,1
DA:104,1
DA:107,1
DA:121,1
DA:122,1
DA:132,1
DA:133,6
DA:134,6
DA:135,6
DA:136,1
DA:138,6
DA:139,1
DA:141,6
DA:142,1
DA:145,6
DA:147,2
DA:148,1
DA:153,1
DA:154,1
DA:155,1
DA:160,4
DA:161,4
DA:170,1
DA:171,2
DA:172,2
DA:174,1
DA:175,1
DA:180,1
DA:181,0
DA:182,0
DA:183,0
DA:185,0
DA:186,0
DA:192,0
DA:193,0
DA:196,0
DA:197,0
DA:200,0
DA:201,0
DA:211,0
DA:212,0
DA:218,0
DA:224,0
DA:225,0
DA:234,1
DA:235,5
DA:236,5
DA:237,2
DA:242,2
DA:244,3
DA:248,2
DA:250,1
DA:251,1
DA:259,1
DA:260,3
DA:261,3
DA:266,2
DA:268,1
DA:269,1
DA:278,1
DA:279,6
DA:280,6
DA:281,6
DA:282,6
DA:289,6
DA:290,1
DA:296,6
DA:297,1
DA:303,6
DA:304,2
DA:310,6
DA:315,4
DA:316,1
DA:322,4
DA:324,2
DA:325,2
DA:334,1
DA:335,0
DA:336,0
DA:340,0
DA:347,0
DA:348,0
LF:119
LH:98
BRDA:13,0,0,8
BRDA:13,0,1,10
BRDA:16,1,0,1
BRDA:16,1,1,9
BRDA:19,2,0,1
BRDA:19,2,1,8
BRDA:22,3,0,1
BRDA:22,3,1,7
BRDA:25,4,0,1
BRDA:25,4,1,6
BRDA:28,5,0,1
BRDA:28,5,1,5
BRDA:33,6,0,1
BRDA:33,6,1,4
BRDA:37,7,0,1
BRDA:37,7,1,3
BRDA:44,8,0,1
BRDA:44,8,1,1
BRDA:82,9,0,3
BRDA:82,9,1,4
BRDA:82,10,0,7
BRDA:82,10,1,5
BRDA:90,11,0,1
BRDA:90,11,1,2
BRDA:97,12,0,1
BRDA:97,12,1,1
BRDA:135,13,0,1
BRDA:135,13,1,5
BRDA:138,14,0,1
BRDA:138,14,1,5
BRDA:141,15,0,1
BRDA:141,15,1,5
BRDA:147,16,0,1
BRDA:147,16,1,1
BRDA:185,17,0,0
BRDA:185,17,1,0
BRDA:192,18,0,0
BRDA:192,18,1,0
BRDA:192,19,0,0
BRDA:192,19,1,0
BRDA:196,20,0,0
BRDA:196,20,1,0
BRDA:196,21,0,0
BRDA:196,21,1,0
BRDA:200,22,0,0
BRDA:200,22,1,0
BRDA:204,23,0,0
BRDA:204,23,1,0
BRDA:205,24,0,0
BRDA:205,24,1,0
BRDA:206,25,0,0
BRDA:206,25,1,0
BRDA:207,26,0,0
BRDA:207,26,1,0
BRDA:211,27,0,0
BRDA:211,27,1,0
BRDA:236,28,0,2
BRDA:236,28,1,3
BRDA:236,29,0,5
BRDA:236,29,1,4
BRDA:289,30,0,1
BRDA:289,30,1,5
BRDA:296,31,0,1
BRDA:296,31,1,5
BRDA:303,32,0,2
BRDA:303,32,1,4
BRDA:315,33,0,1
BRDA:315,33,1,3
BRF:68
BRH:46
end_of_record
TN:
SF:controllers/categoryController.js
FN:3,(anonymous_0)
FN:36,(anonymous_1)
FN:61,(anonymous_2)
FN:80,(anonymous_3)
FN:99,(anonymous_4)
FNF:5
FNH:3
FNDA:5,(anonymous_0)
FNDA:2,(anonymous_1)
FNDA:0,(anonymous_2)
FNDA:0,(anonymous_3)
FNDA:2,(anonymous_4)
DA:3,1
DA:4,5
DA:5,5
DA:6,5
DA:7,1
DA:9,4
DA:10,3
DA:11,1
DA:16,2
DA:20,1
DA:26,2
DA:27,2
DA:36,1
DA:37,2
DA:38,2
DA:39,2
DA:40,2
DA:45,1
DA:51,1
DA:52,1
DA:61,1
DA:62,0
DA:63,0
DA:64,0
DA:70,0
DA:71,0
DA:80,1
DA:81,0
DA:82,0
DA:83,0
DA:89,0
DA:90,0
DA:99,1
DA:100,2
DA:101,2
DA:102,2
DA:103,1
DA:108,1
DA:109,1
LF:39
LH:29
BRDA:6,0,0,1
BRDA:6,0,1,4
BRDA:10,1,0,1
BRDA:10,1,1,2
BRF:4
BRH:4
end_of_record
TN:
SF:controllers/productController.js
FN:20,(anonymous_0)
FN:69,(anonymous_1)
FN:101,(anonymous_2)
FN:123,(anonymous_3)
FN:141,(anonymous_4)
FN:159,(anonymous_5)
FN:212,(anonymous_6)
FN:234,(anonymous_7)
FN:252,(anonymous_8)
FN:277,(anonymous_9)
FN:300,(anonymous_10)
FN:326,(anonymous_11)
FN:347,(anonymous_12)
FN:349,(anonymous_13)
FN:362,(anonymous_14)
FN:366,(anonymous_15)
FN:377,(anonymous_16)
FNF:17
FNH:11
FNDA:12,(anonymous_0)
FNDA:4,(anonymous_1)
FNDA:4,(anonymous_2)
FNDA:4,(anonymous_3)
FNDA:2,(anonymous_4)
FNDA:12,(anonymous_5)
FNDA:6,(anonymous_6)
FNDA:3,(anonymous_7)
FNDA:4,(anonymous_8)
FNDA:4,(anonymous_9)
FNDA:2,(anonymous_10)
FNDA:0,(anonymous_11)
FNDA:0,(anonymous_12)
FNDA:0,(anonymous_13)
FNDA:0,(anonymous_14)
FNDA:0,(anonymous_15)
FNDA:0,(anonymous_16)
DA:10,1
DA:13,1
DA:20,1
DA:21,12
DA:23,12
DA:24,12
DA:26,12
DA:28,1
DA:30,1
DA:32,1
DA:34,1
DA:36,1
DA:38,1
DA:40,1
DA:42,1
DA:47,4
DA:48,4
DA:49,3
DA:50,3
DA:52,4
DA:53,3
DA:59,1
DA:60,1
DA:69,1
DA:70,4
DA:71,4
DA:77,3
DA:78,1
DA:85,2
DA:92,1
DA:93,1
DA:101,1
DA:102,4
DA:103,4
DA:107,3
DA:113,1
DA:114,1
DA:123,1
DA:124,4
DA:125,4
DA:126,1
DA:127,1
DA:128,1
DA:131,3
DA:132,3
DA:141,1
DA:142,2
DA:143,2
DA:144,1
DA:149,1
DA:150,1
DA:159,1
DA:160,12
DA:162,12
DA:163,12
DA:165,12
DA:167,1
DA:169,1
DA:171,1
DA:173,1
DA:175,1
DA:177,1
DA:179,1
DA:181,1
DA:186,4
DA:191,4
DA:192,0
DA:193,0
DA:195,4
DA:196,3
DA:202,1
DA:203,1
DA:212,1
DA:213,6
DA:214,6
DA:215,6
DA:216,6
DA:217,5
DA:218,5
DA:219,4
DA:224,2
DA:225,2
DA:234,1
DA:235,3
DA:236,3
DA:237,2
DA:242,1
DA:243,1
DA:252,1
DA:253,4
DA:254,4
DA:255,4
DA:256,4
DA:262,2
DA:267,2
DA:268,2
DA:277,1
DA:278,4
DA:279,4
DA:280,4
DA:288,3
DA:290,1
DA:291,1
DA:300,1
DA:301,2
DA:302,2
DA:303,2
DA:311,2
DA:316,0
DA:317,0
DA:326,1
DA:327,0
DA:328,0
DA:329,0
DA:330,0
DA:336,0
DA:337,0
DA:347,1
DA:348,0
DA:349,0
DA:350,0
DA:351,0
DA:353,0
DA:357,0
DA:362,1
DA:363,0
DA:364,0
DA:365,0
DA:366,0
DA:367,0
DA:369,0
DA:378,0
DA:379,0
DA:384,0
DA:386,0
DA:391,0
LF:136
LH:109
BRDA:26,0,0,1
BRDA:26,0,1,1
BRDA:26,0,2,1
BRDA:26,0,3,1
BRDA:26,0,4,1
BRDA:26,0,5,1
BRDA:26,0,6,1
BRDA:26,0,7,1
BRDA:41,1,0,5
BRDA:41,1,1,4
BRDA:48,2,0,3
BRDA:48,2,1,1
BRDA:77,3,0,1
BRDA:77,3,1,2
BRDA:126,4,0,1
BRDA:126,4,1,0
BRDA:165,5,0,1
BRDA:165,5,1,1
BRDA:165,5,2,1
BRDA:165,5,3,1
BRDA:165,5,4,1
BRDA:165,5,5,1
BRDA:165,5,6,1
BRDA:165,5,7,1
BRDA:180,6,0,5
BRDA:180,6,1,4
BRDA:191,7,0,0
BRDA:191,7,1,4
BRDA:216,8,0,2
BRDA:216,8,1,3
BRDA:217,9,0,2
BRDA:217,9,1,3
BRDA:255,10,0,2
BRDA:255,10,1,2
BRDA:350,11,0,0
BRDA:350,11,1,0
BRDA:378,12,0,0
BRDA:378,12,1,0
BRF:38
BRH:32
end_of_record
TN:
SF:helpers/authHelper.js
FN:3,(anonymous_0)
FN:14,(anonymous_1)
FNF:2
FNH:2
FNDA:2,(anonymous_0)
FNDA:2,(anonymous_1)
DA:3,1
DA:4,2
DA:5,2
DA:6,2
DA:7,1
DA:10,1
DA:14,1
DA:15,2
LF:8
LH:8
BRF:0
BRH:0
end_of_record
TN:
SF:middlewares/authMiddleware.js
FN:5,(anonymous_0)
FN:19,(anonymous_1)
FNF:2
FNH:2
FNDA:2,(anonymous_0)
FNDA:3,(anonymous_1)
DA:5,1
DA:6,2
DA:7,2
DA:11,1
DA:12,1
DA:14,1
DA:19,1
DA:20,3
DA:21,3
DA:22,2
DA:23,1
DA:28,1
DA:31,1
DA:32,1
LF:14
LH:14
BRDA:22,0,0,1
BRDA:22,0,1,1
BRF:2
BRH:2
end_of_record
TN:
SF:models/categoryModel.js
FNF:0
FNH:0
DA:3,2
LF:1
LH:1
BRF:0
BRH:0
end_of_record
TN:
SF:models/orderModel.js
FN:13,(anonymous_0)
FNF:1
FNH:1
FNDA:17,(anonymous_0)
DA:3,3
DA:14,17
LF:2
LH:2
BRDA:14,0,0,17
BRDA:14,0,1,17
BRF:2
BRH:2
end_of_record
TN:
SF:models/productModel.js
FNF:0
FNH:0
DA:3,1
LF:1
LH:1
BRF:0
BRH:0
end_of_record
TN:
SF:models/userModel.js
FNF:0
FNH:0
DA:3,3
LF:1
LH:1
BRF:0
BRH:0
end_of_record
TN:
SF:routes/authRoute.js
FN:32,(anonymous_0)
FN:36,(anonymous_1)
FNF:2
FNH:0
FNDA:0,(anonymous_0)
FNDA:0,(anonymous_1)
DA:16,0
DA:20,0
DA:23,0
DA:26,0
DA:29,0
DA:32,0
DA:33,0
DA:36,0
DA:37,0
DA:41,0
DA:44,0
DA:47,0
DA:50,0
DA:54,0
LF:14
LH:0
BRF:0
BRH:0
end_of_record
TN:
SF:routes/categoryRoutes.js
FNF:0
FNH:0
DA:11,0
DA:15,0
DA:23,0
DA:31,0
DA:34,0
DA:37,0
LF:6
LH:0
BRF:0
BRH:0
end_of_record
TN:
SF:routes/productRoutes.js
FNF:0
FNH:0
DA:21,0
DA:24,0
DA:32,0
DA:41,0
DA:44,0
DA:47,0
DA:50,0
DA:53,0
DA:56,0
DA:59,0
DA:62,0
DA:65,0
DA:68,0
DA:72,0
DA:75,0
LF:15
LH:0
BRF:0
BRH:0
end_of_record
